TN:
SF:libs\common\src\decorators\public.decorator.ts
FNF:0
FNH:0
DA:1,0
LF:1
LH:0
BRF:0
BRH:0
end_of_record
TN:
SF:libs\common\src\filters\all-exceptions.filter.ts
FN:31,(anonymous_1)
FN:34,(anonymous_2)
FN:93,(anonymous_3)
FN:126,(anonymous_4)
FNF:4
FNH:0
FNDA:0,(anonymous_1)
FNDA:0,(anonymous_2)
FNDA:0,(anonymous_3)
FNDA:0,(anonymous_4)
DA:8,7
DA:17,7
DA:31,7
DA:32,0
DA:35,0
DA:36,0
DA:37,0
DA:39,0
DA:40,0
DA:41,0
DA:42,0
DA:45,0
DA:46,0
DA:47,0
DA:49,0
DA:50,0
DA:51,0
DA:52,0
DA:53,0
DA:54,0
DA:55,0
DA:60,0
DA:61,0
DA:62,0
DA:63,0
DA:64,0
DA:67,0
DA:68,0
DA:69,0
DA:70,0
DA:74,0
DA:79,0
DA:90,0
DA:98,0
DA:100,0
DA:106,0
DA:112,0
DA:118,0
DA:127,0
DA:137,0
LF:40
LH:3
BRDA:45,0,0,0
BRDA:49,1,0,0
BRDA:49,1,1,0
BRDA:51,2,0,0
BRDA:53,3,0,0
BRDA:53,3,1,0
BRDA:54,4,0,0
BRDA:54,4,1,0
BRDA:60,5,0,0
BRDA:67,6,0,0
BRDA:76,7,0,0
BRDA:76,7,1,0
BRDA:84,8,0,0
BRDA:84,8,1,0
BRDA:98,9,0,0
BRDA:98,9,1,0
BRDA:98,9,2,0
BRDA:98,9,3,0
BRDA:137,10,0,0
BRDA:137,10,1,0
BRF:20
BRH:0
end_of_record
TN:
SF:libs\common\src\guards\jwt-auth.guard.ts
FN:42,(anonymous_2)
FN:49,(anonymous_3)
FN:67,(anonymous_4)
FNF:3
FNH:3
FNDA:77,(anonymous_2)
FNDA:25,(anonymous_3)
FNDA:15,(anonymous_4)
DA:18,7
DA:23,7
DA:24,7
DA:25,7
DA:26,7
DA:41,7
DA:43,77
DA:44,77
DA:46,77
DA:51,25
DA:56,25
DA:57,10
DA:60,15
DA:73,15
DA:74,15
DA:79,0
DA:80,0
DA:81,0
DA:82,0
DA:83,0
DA:84,0
DA:86,0
LF:22
LH:15
BRDA:56,0,0,10
BRDA:73,1,0,15
BRDA:73,2,0,15
BRDA:73,2,1,15
BRDA:74,3,0,15
BRDA:74,3,1,15
BRF:6
BRH:6
end_of_record
TN:
SF:libs\common\src\guards\roles.guard.ts
FN:14,(anonymous_2)
FN:16,(anonymous_3)
FNF:2
FNH:1
FNDA:21,(anonymous_2)
FNDA:0,(anonymous_3)
DA:8,7
DA:9,7
DA:10,7
DA:13,7
DA:14,21
DA:17,0
DA:23,0
DA:24,0
DA:27,0
DA:28,0
DA:30,0
DA:31,0
DA:34,0
DA:36,0
DA:37,0
DA:42,0
LF:16
LH:5
BRDA:23,0,0,0
BRDA:23,1,0,0
BRDA:23,1,1,0
BRDA:30,2,0,0
BRDA:36,3,0,0
BRF:5
BRH:0
end_of_record
TN:
SF:libs\common\src\interceptors\response.interceptor.ts
FN:32,(anonymous_1)
FN:37,(anonymous_2)
FNF:2
FNH:0
FNDA:0,(anonymous_1)
FNDA:0,(anonymous_2)
DA:8,7
DA:15,7
DA:31,7
DA:36,0
DA:39,0
DA:40,0
DA:47,0
DA:48,0
DA:58,0
LF:9
LH:3
BRDA:39,0,0,0
BRDA:39,1,0,0
BRDA:39,1,1,0
BRDA:47,2,0,0
BRDA:47,3,0,0
BRDA:47,3,1,0
BRDA:52,4,0,0
BRDA:52,4,1,0
BRF:8
BRH:0
end_of_record
TN:
SF:libs\common\src\strategies\jwt.strategy.ts
FN:29,(anonymous_2)
FN:47,(anonymous_3)
FNF:2
FNH:1
FNDA:14,(anonymous_2)
FNDA:0,(anonymous_3)
DA:12,7
DA:13,7
DA:14,7
DA:15,7
DA:28,7
DA:29,14
DA:30,14
DA:48,0
DA:49,0
DA:54,0
LF:10
LH:7
BRDA:33,0,0,14
BRDA:33,0,1,0
BRDA:48,1,0,0
BRDA:48,2,0,0
BRDA:48,2,1,0
BRDA:57,3,0,0
BRDA:57,3,1,0
BRF:7
BRH:1
end_of_record
TN:
SF:libs\database\src\prisma.service.ts
FN:113,(anonymous_2)
FN:122,(anonymous_3)
FN:128,(anonymous_4)
FN:133,(anonymous_5)
FN:140,(anonymous_6)
FN:148,(anonymous_7)
FN:155,(anonymous_8)
FN:160,(anonymous_9)
FN:161,(anonymous_10)
FN:222,(anonymous_11)
FN:301,(anonymous_12)
FN:308,(anonymous_13)
FN:315,(anonymous_14)
FN:342,(anonymous_15)
FN:346,(anonymous_16)
FN:368,(anonymous_17)
FN:376,(anonymous_18)
FN:384,(anonymous_19)
FNF:18
FNH:11
FNDA:7,(anonymous_2)
FNDA:7,(anonymous_3)
FNDA:7,(anonymous_4)
FNDA:10,(anonymous_5)
FNDA:10,(anonymous_6)
FNDA:10,(anonymous_7)
FNDA:0,(anonymous_8)
FNDA:7,(anonymous_9)
FNDA:10,(anonymous_10)
FNDA:0,(anonymous_11)
FNDA:0,(anonymous_12)
FNDA:0,(anonymous_13)
FNDA:0,(anonymous_14)
FNDA:10,(anonymous_15)
FNDA:10,(anonymous_16)
FNDA:10,(anonymous_17)
FNDA:0,(anonymous_18)
FNDA:0,(anonymous_19)
DA:26,7
DA:27,7
DA:28,7
DA:63,7
DA:94,7
DA:110,7
DA:111,7
DA:113,7
DA:114,7
DA:123,7
DA:124,7
DA:125,7
DA:129,7
DA:130,7
DA:134,10
DA:141,10
DA:149,10
DA:156,0
DA:157,0
DA:161,7
DA:162,10
DA:163,10
DA:164,10
DA:165,10
DA:172,10
DA:173,10
DA:177,0
DA:182,0
DA:183,0
DA:186,0
DA:187,0
DA:191,0
DA:192,0
DA:195,0
DA:203,0
DA:204,0
DA:207,0
DA:210,0
DA:211,0
DA:212,0
DA:215,0
DA:220,0
DA:221,0
DA:222,0
DA:230,0
DA:238,0
DA:239,0
DA:240,0
DA:243,0
DA:244,0
DA:248,0
DA:249,0
DA:252,0
DA:260,0
DA:262,0
DA:264,0
DA:265,0
DA:267,0
DA:272,0
DA:275,0
DA:277,0
DA:279,0
DA:280,0
DA:282,0
DA:287,0
DA:290,0
DA:302,0
DA:309,0
DA:316,0
DA:317,0
DA:318,0
DA:319,0
DA:320,0
DA:322,0
DA:324,0
DA:346,10
DA:348,10
DA:349,10
DA:350,10
DA:351,10
DA:354,10
DA:369,10
DA:384,0
DA:386,0
LF:84
LH:31
BRDA:116,0,0,0
BRDA:116,0,1,7
BRDA:134,1,0,10
BRDA:134,1,1,10
BRDA:141,2,0,10
BRDA:141,2,1,10
BRDA:156,3,0,0
BRDA:172,4,0,10
BRDA:172,5,0,10
BRDA:172,5,1,10
BRDA:172,5,2,0
BRDA:172,5,3,0
BRDA:177,6,0,0
BRDA:182,7,0,0
BRDA:183,8,0,0
BRDA:186,9,0,0
BRDA:191,10,0,0
BRDA:203,11,0,0
BRDA:204,12,0,0
BRDA:210,13,0,0
BRDA:220,14,0,0
BRDA:221,15,0,0
BRDA:221,16,0,0
BRDA:221,16,1,0
BRDA:231,17,0,0
BRDA:231,17,1,0
BRDA:238,18,0,0
BRDA:239,19,0,0
BRDA:240,20,0,0
BRDA:243,21,0,0
BRDA:248,22,0,0
BRDA:260,23,0,0
BRDA:264,24,0,0
BRDA:275,25,0,0
BRDA:279,26,0,0
BRDA:322,27,0,0
BRDA:322,28,0,0
BRDA:322,28,1,0
BRDA:326,29,0,0
BRDA:326,29,1,0
BRDA:327,30,0,0
BRDA:327,30,1,0
BRDA:328,31,0,0
BRDA:328,31,1,0
BRDA:348,32,0,0
BRDA:349,33,0,0
BRDA:350,34,0,10
BRF:47
BRH:9
end_of_record
TN:
SF:libs\modules\src\assettrack\controllers\tai-san.controller.ts
FN:70,(anonymous_4)
FN:98,(anonymous_5)
FN:126,(anonymous_6)
FN:145,(anonymous_7)
FN:170,(anonymous_8)
FN:188,(anonymous_9)
FN:208,(anonymous_10)
FN:228,(anonymous_11)
FN:261,(anonymous_12)
FN:291,(anonymous_13)
FNF:10
FNH:1
FNDA:7,(anonymous_4)
FNDA:0,(anonymous_5)
FNDA:0,(anonymous_6)
FNDA:0,(anonymous_7)
FNDA:0,(anonymous_8)
FNDA:0,(anonymous_9)
FNDA:0,(anonymous_10)
FNDA:0,(anonymous_11)
FNDA:0,(anonymous_12)
FNDA:0,(anonymous_13)
DA:19,7
DA:33,7
DA:42,7
DA:43,7
DA:44,7
DA:51,7
DA:69,7
DA:70,7
DA:98,7
DA:102,0
DA:126,7
DA:130,0
DA:145,7
DA:146,0
DA:147,0
DA:170,7
DA:174,0
DA:188,7
DA:192,0
DA:208,7
DA:213,0
DA:228,7
DA:232,0
DA:261,7
DA:265,0
DA:291,7
DA:295,0
LF:27
LH:17
BRF:0
BRH:0
end_of_record
TN:
SF:libs\modules\src\assettrack\services\tai-san.service.ts
FN:37,decimalToNumber
FN:48,(anonymous_3)
FN:95,(anonymous_4)
FN:110,(anonymous_5)
FN:111,(anonymous_6)
FN:114,(anonymous_7)
FN:123,(anonymous_8)
FN:124,(anonymous_9)
FN:130,(anonymous_10)
FN:137,(anonymous_11)
FN:193,(anonymous_12)
FN:231,(anonymous_13)
FN:260,(anonymous_14)
FN:280,(anonymous_15)
FN:329,(anonymous_16)
FN:364,(anonymous_17)
FN:443,(anonymous_18)
FN:498,(anonymous_19)
FN:544,(anonymous_20)
FNF:19
FNH:1
FNDA:0,decimalToNumber
FNDA:7,(anonymous_3)
FNDA:0,(anonymous_4)
FNDA:0,(anonymous_5)
FNDA:0,(anonymous_6)
FNDA:0,(anonymous_7)
FNDA:0,(anonymous_8)
FNDA:0,(anonymous_9)
FNDA:0,(anonymous_10)
FNDA:0,(anonymous_11)
FNDA:0,(anonymous_12)
FNDA:0,(anonymous_13)
FNDA:0,(anonymous_14)
FNDA:0,(anonymous_15)
FNDA:0,(anonymous_16)
FNDA:0,(anonymous_17)
FNDA:0,(anonymous_18)
FNDA:0,(anonymous_19)
FNDA:0,(anonymous_20)
DA:15,7
DA:22,7
DA:23,7
DA:24,7
DA:38,0
DA:39,0
DA:40,0
DA:41,0
DA:45,7
DA:46,7
DA:48,7
DA:53,7
DA:73,7
DA:96,0
DA:99,0
DA:100,0
DA:102,0
DA:111,0
DA:115,0
DA:117,0
DA:124,0
DA:131,0
DA:149,0
DA:152,0
DA:153,0
DA:160,0
DA:161,0
DA:165,0
DA:166,0
DA:186,0
DA:187,0
DA:194,0
DA:195,0
DA:198,0
DA:203,0
DA:204,0
DA:207,0
DA:208,0
DA:211,0
DA:212,0
DA:221,0
DA:222,0
DA:231,0
DA:232,0
DA:235,0
DA:246,0
DA:261,0
DA:270,0
DA:271,0
DA:274,0
DA:282,0
DA:285,0
DA:286,0
DA:294,0
DA:295,0
DA:300,0
DA:304,0
DA:305,0
DA:306,0
DA:307,0
DA:308,0
DA:309,0
DA:310,0
DA:311,0
DA:312,0
DA:313,0
DA:314,0
DA:316,0
DA:322,0
DA:323,0
DA:330,0
DA:333,0
DA:334,0
DA:339,0
DA:348,0
DA:349,0
DA:365,0
DA:368,0
DA:371,0
DA:372,0
DA:377,0
DA:378,0
DA:384,0
DA:391,0
DA:392,0
DA:396,0
DA:397,0
DA:399,0
DA:422,0
DA:426,0
DA:444,0
DA:447,0
DA:457,0
DA:458,0
DA:464,0
DA:465,0
DA:485,0
DA:489,0
DA:499,0
DA:500,0
DA:502,0
DA:507,0
DA:508,0
DA:511,0
DA:512,0
DA:515,0
DA:516,0
DA:519,0
DA:530,0
DA:545,0
LF:110
LH:9
BRDA:38,0,0,0
BRDA:39,1,0,0
BRDA:40,2,0,0
BRDA:41,3,0,0
BRDA:41,3,1,0
BRDA:96,4,0,0
BRDA:100,5,0,0
BRDA:100,5,1,0
BRDA:115,6,0,0
BRDA:152,7,0,0
BRDA:160,8,0,0
BRDA:170,9,0,0
BRDA:170,9,1,0
BRDA:174,10,0,0
BRDA:174,10,1,0
BRDA:177,11,0,0
BRDA:177,11,1,0
BRDA:194,12,0,0
BRDA:194,13,0,0
BRDA:203,14,0,0
BRDA:207,15,0,0
BRDA:211,16,0,0
BRDA:221,17,0,0
BRDA:270,18,0,0
BRDA:285,19,0,0
BRDA:294,20,0,0
BRDA:304,21,0,0
BRDA:305,22,0,0
BRDA:306,23,0,0
BRDA:307,24,0,0
BRDA:308,25,0,0
BRDA:309,26,0,0
BRDA:310,27,0,0
BRDA:311,28,0,0
BRDA:312,29,0,0
BRDA:313,30,0,0
BRDA:314,31,0,0
BRDA:333,32,0,0
BRDA:371,33,0,0
BRDA:377,34,0,0
BRDA:391,35,0,0
BRDA:397,36,0,0
BRDA:397,36,1,0
BRDA:407,37,0,0
BRDA:407,37,1,0
BRDA:457,38,0,0
BRDA:471,39,0,0
BRDA:471,39,1,0
BRDA:499,40,0,0
BRDA:499,41,0,0
BRDA:507,42,0,0
BRDA:511,43,0,0
BRDA:515,44,0,0
BRF:53
BRH:0
end_of_record
TN:
SF:libs\modules\src\billing\controllers\billing.controller.ts
FN:52,(anonymous_4)
FN:71,(anonymous_5)
FN:93,(anonymous_6)
FN:115,(anonymous_7)
FN:138,(anonymous_8)
FN:158,(anonymous_9)
FN:185,(anonymous_10)
FN:202,(anonymous_11)
FNF:8
FNH:1
FNDA:7,(anonymous_4)
FNDA:0,(anonymous_5)
FNDA:0,(anonymous_6)
FNDA:0,(anonymous_7)
FNDA:0,(anonymous_8)
FNDA:0,(anonymous_9)
FNDA:0,(anonymous_10)
FNDA:0,(anonymous_11)
DA:21,7
DA:31,7
DA:38,7
DA:39,7
DA:45,7
DA:51,7
DA:52,7
DA:71,7
DA:72,0
DA:93,7
DA:98,0
DA:115,7
DA:120,0
DA:138,7
DA:142,0
DA:158,7
DA:159,0
DA:185,7
DA:186,0
DA:202,7
DA:203,0
LF:21
LH:14
BRF:0
BRH:0
end_of_record
TN:
SF:libs\modules\src\billing\services\billing.service.ts
FN:65,(anonymous_2)
FN:74,(anonymous_3)
FN:128,(anonymous_4)
FN:188,(anonymous_5)
FN:255,(anonymous_6)
FN:316,(anonymous_7)
FN:349,(anonymous_8)
FN:373,(anonymous_9)
FN:420,(anonymous_10)
FN:492,(anonymous_11)
FN:523,(anonymous_12)
FN:537,(anonymous_13)
FN:552,(anonymous_14)
FN:572,(anonymous_15)
FN:575,(anonymous_16)
FNF:15
FNH:1
FNDA:7,(anonymous_2)
FNDA:0,(anonymous_3)
FNDA:0,(anonymous_4)
FNDA:0,(anonymous_5)
FNDA:0,(anonymous_6)
FNDA:0,(anonymous_7)
FNDA:0,(anonymous_8)
FNDA:0,(anonymous_9)
FNDA:0,(anonymous_10)
FNDA:0,(anonymous_11)
FNDA:0,(anonymous_12)
FNDA:0,(anonymous_13)
FNDA:0,(anonymous_14)
FNDA:0,(anonymous_15)
FNDA:0,(anonymous_16)
DA:18,7
DA:25,7
DA:26,7
DA:27,7
DA:42,7
DA:62,7
DA:63,7
DA:65,7
DA:75,0
DA:86,0
DA:87,0
DA:91,0
DA:92,0
DA:94,0
DA:95,0
DA:96,0
DA:98,0
DA:99,0
DA:101,0
DA:102,0
DA:103,0
DA:106,0
DA:133,0
DA:136,0
DA:147,0
DA:148,0
DA:152,0
DA:155,0
DA:159,0
DA:161,0
DA:162,0
DA:166,0
DA:167,0
DA:173,0
DA:174,0
DA:176,0
DA:180,0
DA:181,0
DA:182,0
DA:184,0
DA:188,0
DA:190,0
DA:201,0
DA:204,0
DA:224,0
DA:227,0
DA:232,0
DA:260,0
DA:271,0
DA:272,0
DA:276,0
DA:277,0
DA:285,0
DA:293,0
DA:298,0
DA:317,0
DA:320,0
DA:325,0
DA:326,0
DA:329,0
DA:330,0
DA:333,0
DA:334,0
DA:338,0
DA:349,0
DA:354,0
DA:383,0
DA:386,0
DA:395,0
DA:396,0
DA:400,0
DA:401,0
DA:406,0
DA:407,0
DA:409,0
DA:412,0
DA:413,0
DA:414,0
DA:416,0
DA:420,0
DA:422,0
DA:433,0
DA:436,0
DA:456,0
DA:459,0
DA:464,0
DA:497,0
DA:498,0
DA:501,0
DA:514,0
DA:515,0
DA:523,0
DA:525,0
DA:530,0
DA:534,0
DA:537,0
DA:556,0
DA:557,0
DA:566,0
DA:573,0
DA:575,0
LF:101
LH:8
BRDA:86,0,0,0
BRDA:94,1,0,0
BRDA:147,2,0,0
BRDA:152,3,0,0
BRDA:152,3,1,0
BRDA:161,4,0,0
BRDA:173,5,0,0
BRDA:173,5,1,0
BRDA:173,6,0,0
BRDA:173,6,1,0
BRDA:181,7,0,0
BRDA:181,7,1,0
BRDA:219,8,0,0
BRDA:219,8,1,0
BRDA:271,9,0,0
BRDA:276,10,0,0
BRDA:276,10,1,0
BRDA:280,11,0,0
BRDA:280,11,1,0
BRDA:295,12,0,0
BRDA:295,12,1,0
BRDA:317,13,0,0
BRDA:317,14,0,0
BRDA:325,15,0,0
BRDA:329,16,0,0
BRDA:333,17,0,0
BRDA:333,18,0,0
BRDA:333,18,1,0
BRDA:395,19,0,0
BRDA:406,20,0,0
BRDA:406,20,1,0
BRDA:406,21,0,0
BRDA:406,21,1,0
BRDA:413,22,0,0
BRDA:413,22,1,0
BRDA:451,23,0,0
BRDA:451,23,1,0
BRDA:461,24,0,0
BRDA:461,24,1,0
BRDA:514,25,0,0
BRF:40
BRH:0
end_of_record
TN:
SF:libs\modules\src\cashflow\controllers\phieu-thu-chi.controller.ts
FN:62,(anonymous_4)
FN:99,(anonymous_5)
FN:131,(anonymous_6)
FN:161,(anonymous_7)
FN:194,(anonymous_8)
FN:212,(anonymous_9)
FN:228,(anonymous_10)
FN:257,(anonymous_11)
FN:279,(anonymous_12)
FN:294,(anonymous_13)
FNF:10
FNH:0
FNDA:0,(anonymous_4)
FNDA:0,(anonymous_5)
FNDA:0,(anonymous_6)
FNDA:0,(anonymous_7)
FNDA:0,(anonymous_8)
FNDA:0,(anonymous_9)
FNDA:0,(anonymous_10)
FNDA:0,(anonymous_11)
FNDA:0,(anonymous_12)
FNDA:0,(anonymous_13)
DA:19,7
DA:33,7
DA:42,7
DA:43,7
DA:44,7
DA:61,7
DA:62,0
DA:99,7
DA:103,0
DA:131,7
DA:132,0
DA:161,7
DA:162,0
DA:194,7
DA:195,0
DA:212,7
DA:213,0
DA:214,0
DA:228,7
DA:229,0
DA:257,7
DA:261,0
DA:279,7
DA:280,0
DA:294,7
DA:295,0
LF:26
LH:15
BRF:0
BRH:0
end_of_record
TN:
SF:libs\modules\src\cashflow\services\phieu-thu-chi.service.ts
FN:40,(anonymous_2)
FN:73,(anonymous_3)
FN:85,(anonymous_4)
FN:86,(anonymous_5)
FN:94,(anonymous_6)
FN:102,(anonymous_7)
FN:110,(anonymous_8)
FN:130,(anonymous_9)
FN:203,(anonymous_10)
FN:294,(anonymous_11)
FN:321,(anonymous_12)
FN:392,(anonymous_13)
FN:414,(anonymous_14)
FN:429,(anonymous_15)
FN:469,(anonymous_16)
FN:486,(anonymous_17)
FN:495,(anonymous_18)
FNF:17
FNH:0
FNDA:0,(anonymous_2)
FNDA:0,(anonymous_3)
FNDA:0,(anonymous_4)
FNDA:0,(anonymous_5)
FNDA:0,(anonymous_6)
FNDA:0,(anonymous_7)
FNDA:0,(anonymous_8)
FNDA:0,(anonymous_9)
FNDA:0,(anonymous_10)
FNDA:0,(anonymous_11)
FNDA:0,(anonymous_12)
FNDA:0,(anonymous_13)
FNDA:0,(anonymous_14)
FNDA:0,(anonymous_15)
FNDA:0,(anonymous_16)
FNDA:0,(anonymous_17)
FNDA:0,(anonymous_18)
DA:19,7
DA:25,7
DA:26,7
DA:27,7
DA:37,7
DA:38,0
DA:40,0
DA:45,0
DA:74,0
DA:76,0
DA:86,0
DA:95,0
DA:96,0
DA:103,0
DA:104,0
DA:111,0
DA:112,0
DA:113,0
DA:142,0
DA:145,0
DA:146,0
DA:150,0
DA:151,0
DA:154,0
DA:155,0
DA:160,0
DA:161,0
DA:164,0
DA:165,0
DA:170,0
DA:173,0
DA:176,0
DA:177,0
DA:197,0
DA:201,0
DA:215,0
DA:216,0
DA:219,0
DA:224,0
DA:225,0
DA:229,0
DA:230,0
DA:231,0
DA:232,0
DA:234,0
DA:235,0
DA:236,0
DA:237,0
DA:242,0
DA:243,0
DA:247,0
DA:248,0
DA:252,0
DA:253,0
DA:257,0
DA:258,0
DA:262,0
DA:263,0
DA:269,0
DA:280,0
DA:295,0
DA:300,0
DA:301,0
DA:304,0
DA:323,0
DA:324,0
DA:327,0
DA:329,0
DA:338,0
DA:367,0
DA:368,0
DA:369,0
DA:371,0
DA:375,0
DA:393,0
DA:394,0
DA:395,0
DA:397,0
DA:414,0
DA:431,0
DA:435,0
DA:436,0
DA:440,0
DA:441,0
DA:445,0
DA:446,0
DA:447,0
DA:448,0
DA:449,0
DA:450,0
DA:451,0
DA:453,0
DA:459,0
DA:460,0
DA:470,0
DA:473,0
DA:479,0
DA:480,0
DA:487,0
DA:496,0
DA:500,0
DA:501,0
DA:504,0
DA:510,0
DA:511,0
LF:105
LH:5
BRDA:74,0,0,0
BRDA:95,1,0,0
BRDA:95,1,1,0
BRDA:134,2,0,0
BRDA:145,3,0,0
BRDA:150,4,0,0
BRDA:154,5,0,0
BRDA:160,6,0,0
BRDA:164,7,0,0
BRDA:173,8,0,0
BRDA:173,8,1,0
BRDA:205,9,0,0
BRDA:206,10,0,0
BRDA:224,11,0,0
BRDA:229,12,0,0
BRDA:229,13,0,0
BRDA:229,13,1,0
BRDA:231,14,0,0
BRDA:234,15,0,0
BRDA:242,16,0,0
BRDA:247,17,0,0
BRDA:252,18,0,0
BRDA:257,19,0,0
BRDA:262,20,0,0
BRDA:300,21,0,0
BRDA:323,22,0,0
BRDA:323,22,1,0
BRDA:324,23,0,0
BRDA:324,23,1,0
BRDA:393,24,0,0
BRDA:393,24,1,0
BRDA:394,25,0,0
BRDA:394,25,1,0
BRDA:416,26,0,0
BRDA:416,26,1,0
BRDA:418,27,0,0
BRDA:418,27,1,0
BRDA:435,28,0,0
BRDA:440,29,0,0
BRDA:440,30,0,0
BRDA:440,30,1,0
BRDA:446,31,0,0
BRDA:447,32,0,0
BRDA:448,33,0,0
BRDA:449,34,0,0
BRDA:450,35,0,0
BRDA:451,36,0,0
BRDA:500,37,0,0
BRF:48
BRH:0
end_of_record
TN:
SF:libs\modules\src\core\controllers\auth.controller.ts
FN:30,(anonymous_4)
FN:68,(anonymous_5)
FN:78,(anonymous_6)
FNF:3
FNH:2
FNDA:7,(anonymous_4)
FNDA:10,(anonymous_5)
FNDA:0,(anonymous_6)
DA:8,7
DA:17,7
DA:24,7
DA:25,7
DA:29,7
DA:30,7
DA:68,7
DA:69,10
DA:78,7
DA:79,0
LF:10
LH:9
BRF:0
BRH:0
end_of_record
TN:
SF:libs\modules\src\core\controllers\doanh-nghiep.controller.ts
FN:15,(anonymous_4)
FN:19,(anonymous_5)
FN:26,(anonymous_6)
FN:32,(anonymous_7)
FNF:4
FNH:1
FNDA:7,(anonymous_4)
FNDA:0,(anonymous_5)
FNDA:0,(anonymous_6)
FNDA:0,(anonymous_7)
DA:5,7
DA:6,7
DA:7,7
DA:8,7
DA:14,7
DA:15,7
DA:19,7
DA:20,0
DA:26,7
DA:27,0
DA:32,7
DA:33,0
LF:12
LH:9
BRF:0
BRH:0
end_of_record
TN:
SF:libs\modules\src\core\controllers\nguoi-dung.controller.ts
FN:15,(anonymous_4)
FN:19,(anonymous_5)
FN:25,(anonymous_6)
FN:32,(anonymous_7)
FN:39,(anonymous_8)
FN:46,(anonymous_9)
FNF:6
FNH:1
FNDA:7,(anonymous_4)
FNDA:0,(anonymous_5)
FNDA:0,(anonymous_6)
FNDA:0,(anonymous_7)
FNDA:0,(anonymous_8)
FNDA:0,(anonymous_9)
DA:5,7
DA:6,7
DA:7,7
DA:8,7
DA:14,7
DA:15,7
DA:19,7
DA:20,0
DA:25,7
DA:26,0
DA:32,7
DA:33,0
DA:39,7
DA:40,0
DA:46,7
DA:47,0
LF:16
LH:11
BRF:0
BRH:0
end_of_record
TN:
SF:libs\modules\src\core\services\auth.service.ts
FN:27,(anonymous_11)
FN:32,(anonymous_12)
FN:34,(anonymous_13)
FN:83,(anonymous_14)
FN:104,(anonymous_15)
FNF:5
FNH:3
FNDA:7,(anonymous_11)
FNDA:10,(anonymous_12)
FNDA:10,(anonymous_13)
FNDA:0,(anonymous_14)
FNDA:0,(anonymous_15)
DA:8,7
DA:9,7
DA:10,7
DA:11,7
DA:26,7
DA:28,7
DA:29,7
DA:34,10
DA:35,10
DA:50,10
DA:51,4
DA:55,6
DA:56,0
DA:57,0
DA:61,0
DA:62,0
DA:66,0
DA:67,0
DA:71,0
DA:79,0
DA:80,0
DA:83,0
DA:84,0
DA:90,0
DA:105,0
DA:118,0
DA:119,0
DA:122,0
LF:28
LH:12
BRDA:50,0,0,4
BRDA:56,1,0,0
BRDA:61,2,0,0
BRDA:66,3,0,0
BRDA:118,4,0,0
BRF:5
BRH:1
end_of_record
TN:
SF:libs\modules\src\core\services\doanh-nghiep.service.ts
FN:10,(anonymous_2)
FN:12,(anonymous_3)
FN:38,(anonymous_4)
FN:60,(anonymous_5)
FNF:4
FNH:1
FNDA:7,(anonymous_2)
FNDA:0,(anonymous_3)
FNDA:0,(anonymous_4)
FNDA:0,(anonymous_5)
DA:5,7
DA:6,7
DA:9,7
DA:10,7
DA:13,0
DA:31,0
DA:32,0
DA:35,0
DA:46,0
DA:66,0
DA:75,0
LF:11
LH:4
BRDA:31,0,0,0
BRF:1
BRH:0
end_of_record
TN:
SF:libs\modules\src\core\services\nguoi-dung.service.ts
FN:12,(anonymous_11)
FN:14,(anonymous_12)
FN:47,(anonymous_13)
FN:71,(anonymous_14)
FN:98,(anonymous_15)
FN:118,(anonymous_16)
FNF:6
FNH:1
FNDA:7,(anonymous_11)
FNDA:0,(anonymous_12)
FNDA:0,(anonymous_13)
FNDA:0,(anonymous_14)
FNDA:0,(anonymous_15)
FNDA:0,(anonymous_16)
DA:5,7
DA:6,7
DA:7,7
DA:8,7
DA:11,7
DA:12,7
DA:15,0
DA:17,0
DA:36,0
DA:48,0
DA:64,0
DA:65,0
DA:68,0
DA:79,0
DA:81,0
DA:105,0
DA:120,0
LF:17
LH:6
BRDA:14,0,0,0
BRDA:14,1,0,0
BRDA:64,2,0,0
BRDA:86,3,0,0
BRDA:86,3,1,0
BRF:5
BRH:0
end_of_record
TN:
SF:libs\modules\src\customerportal\controllers\customer-auth.controller.ts
FN:54,(anonymous_4)
FN:68,(anonymous_5)
FN:88,(anonymous_6)
FN:116,(anonymous_7)
FN:144,(anonymous_8)
FN:160,(anonymous_9)
FNF:6
FNH:1
FNDA:0,(anonymous_4)
FNDA:0,(anonymous_5)
FNDA:7,(anonymous_6)
FNDA:0,(anonymous_7)
FNDA:0,(anonymous_8)
FNDA:0,(anonymous_9)
DA:17,7
DA:28,7
DA:36,7
DA:37,7
DA:38,7
DA:44,7
DA:53,7
DA:54,7
DA:67,7
DA:69,0
DA:70,0
DA:72,0
DA:73,0
DA:76,0
DA:87,7
DA:88,7
DA:116,7
DA:120,0
DA:121,0
DA:123,0
DA:144,7
DA:145,0
DA:160,7
DA:161,0
LF:24
LH:14
BRDA:72,0,0,0
BRDA:76,1,0,0
BRDA:76,1,1,0
BRDA:120,2,0,0
BRF:4
BRH:0
end_of_record
TN:
SF:libs\modules\src\customerportal\controllers\customer-portal.controller.ts
FN:53,(anonymous_4)
FN:64,(anonymous_5)
FN:105,(anonymous_6)
FN:147,(anonymous_7)
FN:180,(anonymous_8)
FN:210,(anonymous_9)
FNF:6
FNH:1
FNDA:7,(anonymous_4)
FNDA:0,(anonymous_5)
FNDA:0,(anonymous_6)
FNDA:0,(anonymous_7)
FNDA:0,(anonymous_8)
FNDA:0,(anonymous_9)
DA:15,7
DA:25,7
DA:32,7
DA:33,7
DA:34,7
DA:38,7
DA:52,7
DA:53,7
DA:64,7
DA:65,0
DA:105,7
DA:109,0
DA:147,7
DA:151,0
DA:180,7
DA:184,0
DA:210,7
DA:211,0
LF:18
LH:13
BRF:0
BRH:0
end_of_record
TN:
SF:libs\modules\src\customerportal\guards\customer-auth.guard.ts
FN:41,(anonymous_2)
FN:48,(anonymous_3)
FN:62,(anonymous_4)
FNF:3
FNH:1
FNDA:14,(anonymous_2)
FNDA:0,(anonymous_3)
FNDA:0,(anonymous_4)
DA:16,7
DA:21,7
DA:22,7
DA:23,7
DA:37,7
DA:40,7
DA:42,14
DA:43,14
DA:45,14
DA:50,0
DA:55,0
DA:56,0
DA:59,0
DA:68,0
DA:69,0
DA:72,0
DA:75,0
DA:76,0
DA:80,0
DA:81,0
DA:82,0
DA:83,0
DA:84,0
DA:86,0
LF:24
LH:9
BRDA:55,0,0,0
BRDA:68,1,0,0
BRDA:68,2,0,0
BRDA:68,2,1,0
BRDA:69,3,0,0
BRDA:69,3,1,0
BRDA:75,4,0,0
BRF:7
BRH:0
end_of_record
TN:
SF:libs\modules\src\customerportal\services\customer-auth.service.ts
FN:49,(anonymous_11)
FN:64,(anonymous_12)
FN:66,(anonymous_13)
FN:81,(anonymous_14)
FN:96,(anonymous_15)
FN:113,(anonymous_16)
FN:153,(anonymous_17)
FN:155,(anonymous_18)
FN:215,(anonymous_19)
FN:239,(anonymous_20)
FN:240,(anonymous_21)
FNF:11
FNH:1
FNDA:7,(anonymous_11)
FNDA:0,(anonymous_12)
FNDA:0,(anonymous_13)
FNDA:0,(anonymous_14)
FNDA:0,(anonymous_15)
FNDA:0,(anonymous_16)
FNDA:0,(anonymous_17)
FNDA:0,(anonymous_18)
FNDA:0,(anonymous_19)
FNDA:0,(anonymous_20)
FNDA:0,(anonymous_21)
DA:16,7
DA:24,7
DA:25,7
DA:26,7
DA:27,7
DA:45,7
DA:46,7
DA:47,7
DA:50,7
DA:51,7
DA:66,0
DA:67,0
DA:76,0
DA:77,0
DA:81,0
DA:82,0
DA:91,0
DA:92,0
DA:96,0
DA:97,0
DA:105,0
DA:106,0
DA:110,0
DA:113,0
DA:114,0
DA:136,0
DA:138,0
DA:155,0
DA:156,0
DA:182,0
DA:183,0
DA:187,0
DA:188,0
DA:189,0
DA:193,0
DA:194,0
DA:198,0
DA:199,0
DA:203,0
DA:211,0
DA:212,0
DA:215,0
DA:216,0
DA:222,0
DA:224,0
DA:240,0
DA:241,0
DA:264,0
DA:265,0
DA:268,0
LF:50
LH:10
BRDA:76,0,0,0
BRDA:91,1,0,0
BRDA:105,2,0,0
BRDA:182,3,0,0
BRDA:188,4,0,0
BRDA:193,5,0,0
BRDA:198,6,0,0
BRDA:264,7,0,0
BRF:8
BRH:0
end_of_record
TN:
SF:libs\modules\src\customerportal\services\customer-portal.service.ts
FN:37,(anonymous_2)
FN:42,(anonymous_3)
FN:43,(anonymous_4)
FN:80,(anonymous_5)
FN:100,(anonymous_6)
FN:135,(anonymous_7)
FN:141,(anonymous_8)
FN:143,(anonymous_9)
FN:170,(anonymous_10)
FN:190,(anonymous_11)
FN:213,(anonymous_12)
FN:219,(anonymous_13)
FN:225,(anonymous_14)
FN:254,(anonymous_15)
FN:261,(anonymous_16)
FN:282,(anonymous_17)
FN:297,(anonymous_18)
FN:328,(anonymous_19)
FN:329,(anonymous_20)
FN:355,(anonymous_21)
FNF:20
FNH:1
FNDA:7,(anonymous_2)
FNDA:0,(anonymous_3)
FNDA:0,(anonymous_4)
FNDA:0,(anonymous_5)
FNDA:0,(anonymous_6)
FNDA:0,(anonymous_7)
FNDA:0,(anonymous_8)
FNDA:0,(anonymous_9)
FNDA:0,(anonymous_10)
FNDA:0,(anonymous_11)
FNDA:0,(anonymous_12)
FNDA:0,(anonymous_13)
FNDA:0,(anonymous_14)
FNDA:0,(anonymous_15)
FNDA:0,(anonymous_16)
FNDA:0,(anonymous_17)
FNDA:0,(anonymous_18)
FNDA:0,(anonymous_19)
FNDA:0,(anonymous_20)
FNDA:0,(anonymous_21)
DA:14,7
DA:21,7
DA:22,7
DA:31,7
DA:34,7
DA:35,7
DA:37,7
DA:43,0
DA:44,0
DA:66,0
DA:67,0
DA:70,0
DA:85,0
DA:86,0
DA:89,0
DA:95,0
DA:96,0
DA:99,0
DA:101,0
DA:136,0
DA:141,0
DA:143,0
DA:153,0
DA:175,0
DA:176,0
DA:179,0
DA:185,0
DA:186,0
DA:189,0
DA:191,0
DA:214,0
DA:219,0
DA:225,0
DA:232,0
DA:261,0
DA:262,0
DA:272,0
DA:273,0
DA:277,0
DA:278,0
DA:282,0
DA:283,0
DA:292,0
DA:293,0
DA:297,0
DA:298,0
DA:320,0
DA:322,0
DA:329,0
DA:330,0
DA:349,0
DA:356,0
DA:357,0
DA:358,0
LF:54
LH:7
BRDA:66,0,0,0
BRDA:85,1,0,0
BRDA:85,2,0,0
BRDA:95,3,0,0
BRDA:175,4,0,0
BRDA:175,5,0,0
BRDA:185,6,0,0
BRDA:272,7,0,0
BRDA:277,8,0,0
BRDA:292,9,0,0
BRDA:356,10,0,0
BRDA:356,11,0,0
BRDA:356,11,1,0
BRDA:357,12,0,0
BRDA:358,13,0,0
BRDA:358,13,1,0
BRF:16
BRH:0
end_of_record
TN:
SF:libs\modules\src\customerportal\strategies\customer-jwt.strategy.ts
FN:19,(anonymous_2)
FN:27,(anonymous_3)
FNF:2
FNH:1
FNDA:7,(anonymous_2)
FNDA:0,(anonymous_3)
DA:11,7
DA:12,7
DA:13,7
DA:14,7
DA:18,7
DA:19,7
DA:20,7
DA:29,0
DA:30,0
DA:34,0
DA:35,0
DA:39,0
LF:12
LH:7
BRDA:23,0,0,7
BRDA:23,0,1,0
BRDA:29,1,0,0
BRDA:29,2,0,0
BRDA:29,2,1,0
BRDA:34,3,0,0
BRF:6
BRH:1
end_of_record
TN:
SF:libs\modules\src\notification\controllers\thong-bao.controller.ts
FN:51,(anonymous_4)
FN:70,(anonymous_5)
FN:98,(anonymous_6)
FN:110,(anonymous_7)
FN:128,(anonymous_8)
FN:154,(anonymous_9)
FN:169,(anonymous_10)
FNF:7
FNH:1
FNDA:7,(anonymous_4)
FNDA:0,(anonymous_5)
FNDA:0,(anonymous_6)
FNDA:0,(anonymous_7)
FNDA:0,(anonymous_8)
FNDA:0,(anonymous_9)
FNDA:0,(anonymous_10)
DA:16,7
DA:29,7
DA:37,7
DA:38,7
DA:39,7
DA:50,7
DA:51,7
DA:70,7
DA:74,0
DA:98,7
DA:99,0
DA:110,7
DA:114,0
DA:128,7
DA:132,0
DA:154,7
DA:155,0
DA:169,7
DA:173,0
LF:19
LH:13
BRF:0
BRH:0
end_of_record
TN:
SF:libs\modules\src\notification\services\thong-bao.service.ts
FN:33,(anonymous_2)
FN:46,(anonymous_3)
FN:52,(anonymous_4)
FN:67,(anonymous_5)
FN:95,(anonymous_6)
FN:153,(anonymous_7)
FN:176,(anonymous_8)
FN:204,(anonymous_9)
FN:232,(anonymous_10)
FN:248,(anonymous_11)
FNF:10
FNH:1
FNDA:7,(anonymous_2)
FNDA:0,(anonymous_3)
FNDA:0,(anonymous_4)
FNDA:0,(anonymous_5)
FNDA:0,(anonymous_6)
FNDA:0,(anonymous_7)
FNDA:0,(anonymous_8)
FNDA:0,(anonymous_9)
FNDA:0,(anonymous_10)
FNDA:0,(anonymous_11)
DA:15,7
DA:20,7
DA:21,7
DA:22,7
DA:30,7
DA:31,7
DA:33,7
DA:52,0
DA:53,0
DA:62,0
DA:63,0
DA:64,0
DA:67,0
DA:68,0
DA:84,0
DA:85,0
DA:100,0
DA:101,0
DA:104,0
DA:111,0
DA:112,0
DA:116,0
DA:117,0
DA:120,0
DA:138,0
DA:154,0
DA:163,0
DA:164,0
DA:167,0
DA:178,0
DA:181,0
DA:182,0
DA:185,0
DA:194,0
DA:195,0
DA:205,0
DA:219,0
DA:220,0
DA:233,0
DA:242,0
DA:249,0
DA:251,0
DA:259,0
LF:43
LH:7
BRDA:62,0,0,0
BRDA:75,1,0,0
BRDA:75,1,1,0
BRDA:100,2,0,0
BRDA:100,3,0,0
BRDA:111,4,0,0
BRDA:112,5,0,0
BRDA:112,5,1,0
BRDA:116,6,0,0
BRDA:163,7,0,0
BRDA:181,8,0,0
BRF:11
BRH:0
end_of_record
TN:
SF:libs\modules\src\procurepool\controllers\don-dat-hang.controller.ts
FN:57,(anonymous_4)
FN:86,(anonymous_5)
FN:107,(anonymous_6)
FN:124,(anonymous_7)
FN:143,(anonymous_8)
FN:173,(anonymous_9)
FN:210,(anonymous_10)
FN:268,(anonymous_11)
FN:301,(anonymous_12)
FN:337,(anonymous_13)
FNF:10
FNH:0
FNDA:0,(anonymous_4)
FNDA:0,(anonymous_5)
FNDA:0,(anonymous_6)
FNDA:0,(anonymous_7)
FNDA:0,(anonymous_8)
FNDA:0,(anonymous_9)
FNDA:0,(anonymous_10)
FNDA:0,(anonymous_11)
FNDA:0,(anonymous_12)
FNDA:0,(anonymous_13)
DA:17,7
DA:31,7
DA:38,7
DA:39,7
DA:40,7
DA:56,7
DA:57,0
DA:86,7
DA:90,0
DA:107,7
DA:111,0
DA:124,7
DA:125,0
DA:143,7
DA:147,0
DA:173,7
DA:178,0
DA:210,7
DA:215,0
DA:268,7
DA:273,0
DA:301,7
DA:306,0
DA:337,7
DA:341,0
LF:25
LH:15
BRF:0
BRH:0
end_of_record
TN:
SF:libs\modules\src\procurepool\controllers\nha-cung-cap.controller.ts
FN:48,(anonymous_4)
FN:68,(anonymous_5)
FN:89,(anonymous_6)
FN:105,(anonymous_7)
FN:118,(anonymous_8)
FN:137,(anonymous_9)
FN:163,(anonymous_10)
FN:199,(anonymous_11)
FN:220,(anonymous_12)
FNF:9
FNH:0
FNDA:0,(anonymous_4)
FNDA:0,(anonymous_5)
FNDA:0,(anonymous_6)
FNDA:0,(anonymous_7)
FNDA:0,(anonymous_8)
FNDA:0,(anonymous_9)
FNDA:0,(anonymous_10)
FNDA:0,(anonymous_11)
FNDA:0,(anonymous_12)
DA:11,7
DA:26,7
DA:33,7
DA:34,7
DA:35,7
DA:47,7
DA:48,0
DA:68,7
DA:72,0
DA:89,7
DA:93,0
DA:105,7
DA:106,0
DA:118,7
DA:119,0
DA:137,7
DA:141,0
DA:163,7
DA:168,0
DA:199,7
DA:203,0
DA:220,7
DA:224,0
LF:23
LH:14
BRF:0
BRH:0
end_of_record
TN:
SF:libs\modules\src\procurepool\services\don-dat-hang.service.ts
FN:43,(anonymous_13)
FN:52,(anonymous_14)
FN:69,(anonymous_15)
FN:74,(anonymous_16)
FN:89,(anonymous_17)
FN:112,(anonymous_18)
FN:122,(anonymous_19)
FN:123,(anonymous_20)
FN:134,(anonymous_21)
FN:139,(anonymous_22)
FN:158,(anonymous_23)
FN:196,(anonymous_24)
FN:287,(anonymous_25)
FN:342,(anonymous_26)
FN:369,(anonymous_27)
FN:384,(anonymous_28)
FN:389,(anonymous_29)
FN:396,(anonymous_30)
FN:455,(anonymous_31)
FN:511,(anonymous_32)
FN:562,(anonymous_33)
FN:563,(anonymous_34)
FN:574,(anonymous_35)
FN:577,(anonymous_36)
FN:638,(anonymous_37)
FN:691,(anonymous_38)
FN:742,(anonymous_39)
FN:765,(anonymous_40)
FN:773,(anonymous_41)
FN:45,(anonymous_42)
FNF:30
FNH:0
FNDA:0,(anonymous_13)
FNDA:0,(anonymous_14)
FNDA:0,(anonymous_15)
FNDA:0,(anonymous_16)
FNDA:0,(anonymous_17)
FNDA:0,(anonymous_18)
FNDA:0,(anonymous_19)
FNDA:0,(anonymous_20)
FNDA:0,(anonymous_21)
FNDA:0,(anonymous_22)
FNDA:0,(anonymous_23)
FNDA:0,(anonymous_24)
FNDA:0,(anonymous_25)
FNDA:0,(anonymous_26)
FNDA:0,(anonymous_27)
FNDA:0,(anonymous_28)
FNDA:0,(anonymous_29)
FNDA:0,(anonymous_30)
FNDA:0,(anonymous_31)
FNDA:0,(anonymous_32)
FNDA:0,(anonymous_33)
FNDA:0,(anonymous_34)
FNDA:0,(anonymous_35)
FNDA:0,(anonymous_36)
FNDA:0,(anonymous_37)
FNDA:0,(anonymous_38)
FNDA:0,(anonymous_39)
FNDA:0,(anonymous_40)
FNDA:0,(anonymous_41)
FNDA:0,(anonymous_42)
DA:17,7
DA:25,7
DA:26,7
DA:27,7
DA:37,7
DA:40,7
DA:41,0
DA:44,0
DA:45,0
DA:46,0
DA:53,0
DA:54,0
DA:63,0
DA:70,0
DA:71,0
DA:74,0
DA:94,0
DA:97,0
DA:105,0
DA:106,0
DA:112,0
DA:113,0
DA:121,0
DA:122,0
DA:123,0
DA:124,0
DA:130,0
DA:133,0
DA:134,0
DA:139,0
DA:141,0
DA:142,0
DA:158,0
DA:159,0
DA:160,0
DA:161,0
DA:178,0
DA:181,0
DA:186,0
DA:207,0
DA:210,0
DA:216,0
DA:217,0
DA:221,0
DA:222,0
DA:226,0
DA:227,0
DA:231,0
DA:232,0
DA:233,0
DA:234,0
DA:236,0
DA:237,0
DA:242,0
DA:245,0
DA:273,0
DA:288,0
DA:328,0
DA:329,0
DA:332,0
DA:349,0
DA:357,0
DA:358,0
DA:361,0
DA:362,0
DA:368,0
DA:369,0
DA:370,0
DA:378,0
DA:379,0
DA:383,0
DA:384,0
DA:389,0
DA:391,0
DA:396,0
DA:397,0
DA:398,0
DA:399,0
DA:417,0
DA:431,0
DA:443,0
DA:445,0
DA:462,0
DA:470,0
DA:471,0
DA:474,0
DA:475,0
DA:481,0
DA:490,0
DA:494,0
DA:517,0
DA:520,0
DA:533,0
DA:534,0
DA:537,0
DA:538,0
DA:543,0
DA:544,0
DA:548,0
DA:556,0
DA:557,0
DA:561,0
DA:562,0
DA:563,0
DA:569,0
DA:570,0
DA:574,0
DA:577,0
DA:581,0
DA:593,0
DA:607,0
DA:608,0
DA:617,0
DA:620,0
DA:624,0
DA:645,0
DA:653,0
DA:654,0
DA:658,0
DA:662,0
DA:668,0
DA:677,0
DA:681,0
DA:692,0
DA:700,0
DA:701,0
DA:704,0
DA:708,0
DA:713,0
DA:730,0
DA:732,0
DA:743,0
DA:764,0
DA:766,0
DA:767,0
DA:772,0
DA:773,0
LF:137
LH:6
BRDA:70,0,0,0
BRDA:94,1,0,0
BRDA:105,2,0,0
BRDA:121,3,0,0
BRDA:130,4,0,0
BRDA:130,4,1,0
BRDA:148,5,0,0
BRDA:148,5,1,0
BRDA:149,6,0,0
BRDA:149,6,1,0
BRDA:167,7,0,0
BRDA:167,7,1,0
BRDA:198,8,0,0
BRDA:199,9,0,0
BRDA:205,10,0,0
BRDA:206,11,0,0
BRDA:216,12,0,0
BRDA:221,13,0,0
BRDA:226,14,0,0
BRDA:231,15,0,0
BRDA:231,16,0,0
BRDA:231,16,1,0
BRDA:233,17,0,0
BRDA:236,18,0,0
BRDA:328,19,0,0
BRDA:357,20,0,0
BRDA:361,21,0,0
BRDA:368,22,0,0
BRDA:368,22,1,0
BRDA:368,23,0,0
BRDA:368,23,1,0
BRDA:378,24,0,0
BRDA:405,25,0,0
BRDA:405,25,1,0
BRDA:420,26,0,0
BRDA:420,26,1,0
BRDA:434,27,0,0
BRDA:434,27,1,0
BRDA:470,28,0,0
BRDA:474,29,0,0
BRDA:485,30,0,0
BRDA:485,30,1,0
BRDA:533,31,0,0
BRDA:537,32,0,0
BRDA:543,33,0,0
BRDA:543,34,0,0
BRDA:543,34,1,0
BRDA:556,35,0,0
BRDA:569,36,0,0
BRDA:599,37,0,0
BRDA:599,37,1,0
BRDA:600,38,0,0
BRDA:600,38,1,0
BRDA:653,39,0,0
BRDA:658,40,0,0
BRDA:659,41,0,0
BRDA:659,41,1,0
BRDA:672,42,0,0
BRDA:672,42,1,0
BRDA:700,43,0,0
BRDA:704,44,0,0
BRDA:705,45,0,0
BRDA:705,45,1,0
BRDA:774,46,0,0
BRDA:774,46,1,0
BRDA:775,47,0,0
BRDA:775,47,1,0
BRDA:776,48,0,0
BRDA:776,48,1,0
BRDA:777,49,0,0
BRDA:777,49,1,0
BRF:71
BRH:0
end_of_record
TN:
SF:libs\modules\src\procurepool\services\nha-cung-cap.service.ts
FN:33,(anonymous_2)
FN:38,(anonymous_3)
FN:52,(anonymous_4)
FN:109,(anonymous_5)
FN:165,(anonymous_6)
FN:191,(anonymous_7)
FN:216,(anonymous_8)
FN:272,(anonymous_9)
FN:321,(anonymous_10)
FN:356,(anonymous_11)
FNF:10
FNH:0
FNDA:0,(anonymous_2)
FNDA:0,(anonymous_3)
FNDA:0,(anonymous_4)
FNDA:0,(anonymous_5)
FNDA:0,(anonymous_6)
FNDA:0,(anonymous_7)
FNDA:0,(anonymous_8)
FNDA:0,(anonymous_9)
FNDA:0,(anonymous_10)
FNDA:0,(anonymous_11)
DA:15,7
DA:21,7
DA:22,7
DA:30,7
DA:31,0
DA:33,0
DA:39,0
DA:42,0
DA:58,0
DA:61,0
DA:62,0
DA:69,0
DA:70,0
DA:76,0
DA:95,0
DA:99,0
DA:117,0
DA:120,0
DA:126,0
DA:127,0
DA:136,0
DA:137,0
DA:141,0
DA:144,0
DA:151,0
DA:166,0
DA:181,0
DA:182,0
DA:185,0
DA:192,0
DA:223,0
DA:231,0
DA:232,0
DA:236,0
DA:237,0
DA:245,0
DA:246,0
DA:252,0
DA:260,0
DA:262,0
DA:274,0
DA:294,0
DA:295,0
DA:299,0
DA:300,0
DA:305,0
DA:313,0
DA:315,0
DA:322,0
DA:330,0
DA:331,0
DA:336,0
DA:344,0
DA:346,0
DA:357,0
DA:380,0
LF:56
LH:4
BRDA:58,0,0,0
BRDA:58,0,1,0
BRDA:61,1,0,0
BRDA:69,2,0,0
BRDA:111,3,0,0
BRDA:112,4,0,0
BRDA:115,5,0,0
BRDA:116,6,0,0
BRDA:126,7,0,0
BRDA:136,8,0,0
BRDA:181,9,0,0
BRDA:231,10,0,0
BRDA:236,11,0,0
BRDA:236,12,0,0
BRDA:236,12,1,0
BRDA:245,13,0,0
BRDA:294,14,0,0
BRDA:299,15,0,0
BRDA:330,16,0,0
BRF:19
BRH:0
end_of_record
TN:
SF:libs\modules\src\quotemaster\controllers\bao-gia.controller.ts
FN:48,(anonymous_4)
FN:85,(anonymous_5)
FN:109,(anonymous_6)
FN:135,(anonymous_7)
FN:153,(anonymous_8)
FN:169,(anonymous_9)
FN:198,(anonymous_10)
FN:217,(anonymous_11)
FNF:8
FNH:1
FNDA:7,(anonymous_4)
FNDA:0,(anonymous_5)
FNDA:0,(anonymous_6)
FNDA:0,(anonymous_7)
FNDA:0,(anonymous_8)
FNDA:0,(anonymous_9)
FNDA:0,(anonymous_10)
FNDA:0,(anonymous_11)
DA:8,7
DA:22,7
DA:31,7
DA:32,7
DA:33,7
DA:47,7
DA:48,7
DA:85,7
DA:86,0
DA:109,7
DA:110,0
DA:135,7
DA:136,0
DA:153,7
DA:154,0
DA:155,0
DA:169,7
DA:170,0
DA:198,7
DA:202,0
DA:217,7
DA:218,0
LF:22
LH:14
BRF:0
BRH:0
end_of_record
TN:
SF:libs\modules\src\quotemaster\controllers\hop-dong.controller.ts
FN:61,(anonymous_4)
FN:91,(anonymous_5)
FN:146,(anonymous_6)
FN:178,(anonymous_7)
FN:213,(anonymous_8)
FN:240,(anonymous_9)
FN:267,(anonymous_10)
FN:311,(anonymous_11)
FN:357,(anonymous_12)
FN:394,(anonymous_13)
FNF:10
FNH:1
FNDA:7,(anonymous_4)
FNDA:0,(anonymous_5)
FNDA:0,(anonymous_6)
FNDA:0,(anonymous_7)
FNDA:0,(anonymous_8)
FNDA:0,(anonymous_9)
FNDA:0,(anonymous_10)
FNDA:0,(anonymous_11)
FNDA:0,(anonymous_12)
FNDA:0,(anonymous_13)
DA:21,7
DA:36,7
DA:44,7
DA:45,7
DA:60,7
DA:61,7
DA:91,7
DA:92,0
DA:146,7
DA:150,0
DA:178,7
DA:179,0
DA:213,7
DA:216,0
DA:240,7
DA:241,0
DA:267,7
DA:268,0
DA:311,7
DA:315,0
DA:357,7
DA:361,0
DA:394,7
DA:395,0
LF:24
LH:15
BRF:0
BRH:0
end_of_record
TN:
SF:libs\modules\src\quotemaster\services\bao-gia.service.ts
FN:43,(anonymous_2)
FN:77,(anonymous_3)
FN:89,(anonymous_4)
FN:99,(anonymous_5)
FN:107,(anonymous_6)
FN:108,(anonymous_7)
FN:114,(anonymous_8)
FN:122,(anonymous_9)
FN:126,(anonymous_10)
FN:157,(anonymous_11)
FN:169,(anonymous_12)
FN:176,(anonymous_13)
FN:177,(anonymous_14)
FN:184,(anonymous_15)
FN:187,(anonymous_16)
FN:205,(anonymous_17)
FN:226,(anonymous_18)
FN:254,(anonymous_19)
FN:326,(anonymous_20)
FN:347,(anonymous_21)
FN:402,(anonymous_22)
FN:412,(anonymous_23)
FN:433,(anonymous_24)
FN:440,(anonymous_25)
FN:450,(anonymous_26)
FNF:25
FNH:1
FNDA:7,(anonymous_2)
FNDA:0,(anonymous_3)
FNDA:0,(anonymous_4)
FNDA:0,(anonymous_5)
FNDA:0,(anonymous_6)
FNDA:0,(anonymous_7)
FNDA:0,(anonymous_8)
FNDA:0,(anonymous_9)
FNDA:0,(anonymous_10)
FNDA:0,(anonymous_11)
FNDA:0,(anonymous_12)
FNDA:0,(anonymous_13)
FNDA:0,(anonymous_14)
FNDA:0,(anonymous_15)
FNDA:0,(anonymous_16)
FNDA:0,(anonymous_17)
FNDA:0,(anonymous_18)
FNDA:0,(anonymous_19)
FNDA:0,(anonymous_20)
FNDA:0,(anonymous_21)
FNDA:0,(anonymous_22)
FNDA:0,(anonymous_23)
FNDA:0,(anonymous_24)
FNDA:0,(anonymous_25)
FNDA:0,(anonymous_26)
DA:21,7
DA:27,7
DA:28,7
DA:29,7
DA:30,7
DA:37,7
DA:40,7
DA:41,7
DA:44,7
DA:45,7
DA:51,7
DA:78,0
DA:79,0
DA:90,0
DA:92,0
DA:99,0
DA:108,0
DA:115,0
DA:124,0
DA:126,0
DA:127,0
DA:128,0
DA:129,0
DA:136,0
DA:137,0
DA:139,0
DA:158,0
DA:161,0
DA:164,0
DA:165,0
DA:169,0
DA:170,0
DA:175,0
DA:176,0
DA:177,0
DA:178,0
DA:184,0
DA:187,0
DA:188,0
DA:189,0
DA:199,0
DA:202,0
DA:203,0
DA:205,0
DA:207,0
DA:226,0
DA:236,0
DA:241,0
DA:247,0
DA:248,0
DA:263,0
DA:264,0
DA:267,0
DA:270,0
DA:271,0
DA:275,0
DA:276,0
DA:280,0
DA:281,0
DA:282,0
DA:283,0
DA:285,0
DA:287,0
DA:288,0
DA:289,0
DA:294,0
DA:295,0
DA:301,0
DA:312,0
DA:327,0
DA:332,0
DA:333,0
DA:336,0
DA:348,0
DA:352,0
DA:353,0
DA:356,0
DA:357,0
DA:360,0
DA:368,0
DA:369,0
DA:374,0
DA:381,0
DA:382,0
DA:395,0
DA:396,0
DA:403,0
DA:404,0
DA:405,0
DA:413,0
DA:415,0
DA:416,0
DA:422,0
DA:426,0
DA:427,0
DA:434,0
DA:440,0
DA:451,0
LF:98
LH:11
BRDA:78,0,0,0
BRDA:90,1,0,0
BRDA:98,2,0,0
BRDA:98,2,1,0
BRDA:158,3,0,0
BRDA:164,4,0,0
BRDA:175,5,0,0
BRDA:213,6,0,0
BRDA:213,6,1,0
BRDA:256,7,0,0
BRDA:257,8,0,0
BRDA:270,9,0,0
BRDA:275,10,0,0
BRDA:280,11,0,0
BRDA:280,12,0,0
BRDA:280,12,1,0
BRDA:282,13,0,0
BRDA:285,14,0,0
BRDA:294,15,0,0
BRDA:332,16,0,0
BRDA:352,17,0,0
BRDA:368,18,0,0
BRDA:381,19,0,0
BRDA:381,20,0,0
BRDA:381,20,1,0
BRDA:403,21,0,0
BRDA:403,22,0,0
BRDA:403,22,1,0
BRDA:404,23,0,0
BRDA:405,24,0,0
BRDA:405,24,1,0
BRDA:415,25,0,0
BRDA:442,26,0,0
BRDA:442,26,1,0
BRF:34
BRH:0
end_of_record
TN:
SF:libs\modules\src\quotemaster\services\hop-dong.service.ts
FN:44,(anonymous_2)
FN:77,(anonymous_3)
FN:97,(anonymous_4)
FN:98,(anonymous_5)
FN:104,(anonymous_6)
FN:122,(anonymous_7)
FN:180,(anonymous_8)
FN:280,(anonymous_9)
FN:351,(anonymous_10)
FN:377,(anonymous_11)
FN:417,(anonymous_12)
FN:461,(anonymous_13)
FN:513,(anonymous_14)
FN:554,(anonymous_15)
FN:585,(anonymous_16)
FNF:15
FNH:1
FNDA:7,(anonymous_2)
FNDA:0,(anonymous_3)
FNDA:0,(anonymous_4)
FNDA:0,(anonymous_5)
FNDA:0,(anonymous_6)
FNDA:0,(anonymous_7)
FNDA:0,(anonymous_8)
FNDA:0,(anonymous_9)
FNDA:0,(anonymous_10)
FNDA:0,(anonymous_11)
FNDA:0,(anonymous_12)
FNDA:0,(anonymous_13)
FNDA:0,(anonymous_14)
FNDA:0,(anonymous_15)
FNDA:0,(anonymous_16)
DA:24,7
DA:25,7
DA:26,7
DA:27,7
DA:28,7
DA:38,7
DA:41,7
DA:42,7
DA:44,7
DA:55,7
DA:78,0
DA:80,0
DA:98,0
DA:105,0
DA:106,0
DA:123,0
DA:126,0
DA:133,0
DA:134,0
DA:138,0
DA:154,0
DA:156,0
DA:181,0
DA:184,0
DA:199,0
DA:200,0
DA:204,0
DA:205,0
DA:206,0
DA:212,0
DA:219,0
DA:220,0
DA:226,0
DA:229,0
DA:246,0
DA:254,0
DA:281,0
DA:282,0
DA:285,0
DA:290,0
DA:291,0
DA:295,0
DA:296,0
DA:300,0
DA:301,0
DA:302,0
DA:303,0
DA:305,0
DA:310,0
DA:314,0
DA:315,0
DA:322,0
DA:333,0
DA:352,0
DA:360,0
DA:361,0
DA:364,0
DA:378,0
DA:379,0
DA:380,0
DA:382,0
DA:395,0
DA:419,0
DA:426,0
DA:427,0
DA:431,0
DA:443,0
DA:445,0
DA:462,0
DA:469,0
DA:470,0
DA:474,0
DA:475,0
DA:478,0
DA:479,0
DA:483,0
DA:484,0
DA:489,0
DA:497,0
DA:501,0
DA:514,0
DA:521,0
DA:522,0
DA:526,0
DA:527,0
DA:532,0
DA:539,0
DA:541,0
DA:555,0
DA:584,0
DA:586,0
DA:587,0
DA:588,0
DA:593,0
LF:94
LH:10
BRDA:78,0,0,0
BRDA:83,1,0,0
BRDA:83,1,1,0
BRDA:85,2,0,0
BRDA:85,2,1,0
BRDA:133,3,0,0
BRDA:146,4,0,0
BRDA:146,4,1,0
BRDA:147,5,0,0
BRDA:147,5,1,0
BRDA:199,6,0,0
BRDA:205,7,0,0
BRDA:219,8,0,0
BRDA:226,9,0,0
BRDA:226,9,1,0
BRDA:227,10,0,0
BRDA:227,10,1,0
BRDA:239,11,0,0
BRDA:239,11,1,0
BRDA:240,12,0,0
BRDA:240,12,1,0
BRDA:281,13,0,0
BRDA:281,14,0,0
BRDA:290,15,0,0
BRDA:295,16,0,0
BRDA:300,17,0,0
BRDA:314,18,0,0
BRDA:360,19,0,0
BRDA:377,20,0,0
BRDA:426,21,0,0
BRDA:435,22,0,0
BRDA:435,22,1,0
BRDA:469,23,0,0
BRDA:478,24,0,0
BRDA:478,25,0,0
BRDA:478,25,1,0
BRDA:483,26,0,0
BRDA:483,27,0,0
BRDA:483,27,1,0
BRDA:521,28,0,0
BRDA:526,29,0,0
BRDA:587,30,0,0
BRDA:587,30,1,0
BRF:43
BRH:0
end_of_record
TN:
SF:libs\modules\src\routeoptima\controllers\lo-trinh.controller.ts
FN:59,(anonymous_4)
FN:94,(anonymous_5)
FN:121,(anonymous_6)
FN:156,(anonymous_7)
FN:174,(anonymous_8)
FN:193,(anonymous_9)
FN:212,(anonymous_10)
FN:250,(anonymous_11)
FN:268,(anonymous_12)
FN:303,(anonymous_13)
FNF:10
FNH:1
FNDA:7,(anonymous_4)
FNDA:0,(anonymous_5)
FNDA:0,(anonymous_6)
FNDA:0,(anonymous_7)
FNDA:0,(anonymous_8)
FNDA:0,(anonymous_9)
FNDA:0,(anonymous_10)
FNDA:0,(anonymous_11)
FNDA:0,(anonymous_12)
FNDA:0,(anonymous_13)
DA:19,7
DA:33,7
DA:42,7
DA:43,7
DA:44,7
DA:51,7
DA:58,7
DA:59,7
DA:94,7
DA:98,0
DA:121,7
DA:125,0
DA:156,7
DA:160,0
DA:174,7
DA:178,0
DA:193,7
DA:197,0
DA:212,7
DA:216,0
DA:250,7
DA:254,0
DA:268,7
DA:272,0
DA:303,7
DA:308,0
LF:26
LH:17
BRF:0
BRH:0
end_of_record
TN:
SF:libs\modules\src\routeoptima\services\lo-trinh.service.ts
FN:33,decimalToNumber
FN:44,(anonymous_3)
FN:76,(anonymous_4)
FN:82,(anonymous_5)
FN:90,(anonymous_6)
FN:91,(anonymous_7)
FN:97,(anonymous_8)
FN:117,(anonymous_9)
FN:133,(anonymous_10)
FN:133,(anonymous_11)
FN:143,(anonymous_12)
FN:144,(anonymous_13)
FN:154,(anonymous_14)
FN:169,(anonymous_15)
FN:209,(anonymous_16)
FN:256,(anonymous_17)
FN:283,(anonymous_18)
FN:326,(anonymous_19)
FN:395,(anonymous_20)
FN:447,(anonymous_21)
FN:471,(anonymous_22)
FN:495,(anonymous_23)
FN:519,(anonymous_24)
FN:542,(anonymous_25)
FNF:24
FNH:1
FNDA:0,decimalToNumber
FNDA:7,(anonymous_3)
FNDA:0,(anonymous_4)
FNDA:0,(anonymous_5)
FNDA:0,(anonymous_6)
FNDA:0,(anonymous_7)
FNDA:0,(anonymous_8)
FNDA:0,(anonymous_9)
FNDA:0,(anonymous_10)
FNDA:0,(anonymous_11)
FNDA:0,(anonymous_12)
FNDA:0,(anonymous_13)
FNDA:0,(anonymous_14)
FNDA:0,(anonymous_15)
FNDA:0,(anonymous_16)
FNDA:0,(anonymous_17)
FNDA:0,(anonymous_18)
FNDA:0,(anonymous_19)
FNDA:0,(anonymous_20)
FNDA:0,(anonymous_21)
FNDA:0,(anonymous_22)
FNDA:0,(anonymous_23)
FNDA:0,(anonymous_24)
FNDA:0,(anonymous_25)
DA:15,7
DA:21,7
DA:22,7
DA:23,7
DA:34,0
DA:35,0
DA:36,0
DA:37,0
DA:41,7
DA:42,7
DA:44,7
DA:49,7
DA:77,0
DA:79,0
DA:82,0
DA:91,0
DA:98,0
DA:99,0
DA:118,0
DA:121,0
DA:128,0
DA:129,0
DA:133,0
DA:134,0
DA:135,0
DA:143,0
DA:144,0
DA:145,0
DA:146,0
DA:151,0
DA:152,0
DA:154,0
DA:156,0
DA:169,0
DA:186,0
DA:190,0
DA:194,0
DA:199,0
DA:203,0
DA:210,0
DA:211,0
DA:213,0
DA:218,0
DA:219,0
DA:220,0
DA:223,0
DA:224,0
DA:227,0
DA:228,0
DA:231,0
DA:242,0
DA:257,0
DA:266,0
DA:267,0
DA:270,0
DA:284,0
DA:286,0
DA:296,0
DA:297,0
DA:303,0
DA:333,0
DA:344,0
DA:345,0
DA:349,0
DA:350,0
DA:355,0
DA:356,0
DA:357,0
DA:358,0
DA:361,0
DA:362,0
DA:366,0
DA:367,0
DA:368,0
DA:371,0
DA:386,0
DA:394,0
DA:395,0
DA:399,0
DA:400,0
DA:401,0
DA:409,0
DA:410,0
DA:411,0
DA:413,0
DA:423,0
DA:424,0
DA:426,0
DA:449,0
DA:451,0
DA:452,0
DA:458,0
DA:471,0
DA:472,0
DA:478,0
DA:481,0
DA:483,0
DA:485,0
DA:496,0
DA:498,0
DA:499,0
DA:502,0
DA:512,0
DA:513,0
DA:520,0
DA:522,0
DA:523,0
DA:526,0
DA:535,0
DA:536,0
DA:543,0
DA:546,0
DA:560,0
DA:561,0
LF:114
LH:8
BRDA:34,0,0,0
BRDA:35,1,0,0
BRDA:36,2,0,0
BRDA:37,3,0,0
BRDA:37,3,1,0
BRDA:77,4,0,0
BRDA:128,5,0,0
BRDA:134,6,0,0
BRDA:145,7,0,0
BRDA:173,8,0,0
BRDA:173,8,1,0
BRDA:178,9,0,0
BRDA:178,9,1,0
BRDA:210,10,0,0
BRDA:210,11,0,0
BRDA:218,12,0,0
BRDA:223,13,0,0
BRDA:227,14,0,0
BRDA:266,15,0,0
BRDA:284,16,0,0
BRDA:284,16,1,0
BRDA:296,17,0,0
BRDA:344,18,0,0
BRDA:355,19,0,0
BRDA:355,19,1,0
BRDA:357,20,0,0
BRDA:361,21,0,0
BRDA:366,22,0,0
BRDA:366,23,0,0
BRDA:366,23,1,0
BRDA:368,24,0,0
BRDA:368,24,1,0
BRDA:395,25,0,0
BRDA:395,25,1,0
BRDA:400,26,0,0
BRDA:400,26,1,0
BRDA:411,27,0,0
BRDA:423,28,0,0
BRDA:423,28,1,0
BRDA:451,29,0,0
BRDA:498,30,0,0
BRDA:522,31,0,0
BRF:42
BRH:0
end_of_record
TN:
SF:libs\modules\src\shiftsquad\controllers\ca-lam-viec.controller.ts
FN:56,(anonymous_4)
FN:86,(anonymous_5)
FN:113,(anonymous_6)
FN:150,(anonymous_7)
FN:165,(anonymous_8)
FN:194,(anonymous_9)
FN:217,(anonymous_10)
FN:235,(anonymous_11)
FNF:8
FNH:1
FNDA:7,(anonymous_4)
FNDA:0,(anonymous_5)
FNDA:0,(anonymous_6)
FNDA:0,(anonymous_7)
FNDA:0,(anonymous_8)
FNDA:0,(anonymous_9)
FNDA:0,(anonymous_10)
FNDA:0,(anonymous_11)
DA:17,7
DA:31,7
DA:40,7
DA:41,7
DA:42,7
DA:55,7
DA:56,7
DA:86,7
DA:90,0
DA:113,7
DA:117,0
DA:150,7
DA:151,0
DA:165,7
DA:169,0
DA:194,7
DA:199,0
DA:217,7
DA:221,0
DA:235,7
DA:239,0
LF:21
LH:14
BRF:0
BRH:0
end_of_record
TN:
SF:libs\modules\src\shiftsquad\controllers\cham-cong.controller.ts
FN:63,(anonymous_4)
FN:104,(anonymous_5)
FN:151,(anonymous_6)
FN:194,(anonymous_7)
FN:225,(anonymous_8)
FN:266,(anonymous_9)
FN:284,(anonymous_10)
FNF:7
FNH:1
FNDA:7,(anonymous_4)
FNDA:0,(anonymous_5)
FNDA:0,(anonymous_6)
FNDA:0,(anonymous_7)
FNDA:0,(anonymous_8)
FNDA:0,(anonymous_9)
FNDA:0,(anonymous_10)
DA:16,7
DA:28,7
DA:37,7
DA:38,7
DA:39,7
DA:62,7
DA:63,7
DA:104,7
DA:108,0
DA:151,7
DA:155,0
DA:194,7
DA:195,0
DA:225,7
DA:229,0
DA:266,7
DA:270,0
DA:284,7
DA:288,0
LF:19
LH:13
BRF:0
BRH:0
end_of_record
TN:
SF:libs\modules\src\shiftsquad\services\ca-lam-viec.service.ts
FN:35,(anonymous_2)
FN:40,(anonymous_3)
FN:51,(anonymous_4)
FN:52,(anonymous_5)
FN:70,(anonymous_6)
FN:109,(anonymous_7)
FN:151,(anonymous_8)
FN:186,(anonymous_9)
FN:245,(anonymous_10)
FN:294,(anonymous_11)
FN:355,(anonymous_12)
FN:373,(anonymous_13)
FNF:12
FNH:1
FNDA:7,(anonymous_2)
FNDA:0,(anonymous_3)
FNDA:0,(anonymous_4)
FNDA:0,(anonymous_5)
FNDA:0,(anonymous_6)
FNDA:0,(anonymous_7)
FNDA:0,(anonymous_8)
FNDA:0,(anonymous_9)
FNDA:0,(anonymous_10)
FNDA:0,(anonymous_11)
FNDA:0,(anonymous_12)
FNDA:0,(anonymous_13)
DA:14,7
DA:20,7
DA:21,7
DA:22,7
DA:32,7
DA:33,7
DA:35,7
DA:41,0
DA:43,0
DA:52,0
DA:71,0
DA:74,0
DA:75,0
DA:78,0
DA:79,0
DA:85,0
DA:86,0
DA:99,0
DA:103,0
DA:110,0
DA:111,0
DA:114,0
DA:119,0
DA:120,0
DA:123,0
DA:124,0
DA:127,0
DA:137,0
DA:152,0
DA:160,0
DA:161,0
DA:164,0
DA:187,0
DA:191,0
DA:192,0
DA:195,0
DA:196,0
DA:197,0
DA:200,0
DA:209,0
DA:211,0
DA:212,0
DA:213,0
DA:217,0
DA:218,0
DA:220,0
DA:221,0
DA:224,0
DA:225,0
DA:228,0
DA:232,0
DA:235,0
DA:247,0
DA:248,0
DA:251,0
DA:254,0
DA:263,0
DA:264,0
DA:265,0
DA:266,0
DA:269,0
DA:270,0
DA:272,0
DA:273,0
DA:277,0
DA:278,0
DA:280,0
DA:284,0
DA:288,0
DA:296,0
DA:304,0
DA:305,0
DA:309,0
DA:313,0
DA:314,0
DA:317,0
DA:318,0
DA:321,0
DA:322,0
DA:325,0
DA:326,0
DA:329,0
DA:330,0
DA:334,0
DA:335,0
DA:337,0
DA:338,0
DA:343,0
DA:348,0
DA:349,0
DA:356,0
DA:358,0
DA:366,0
DA:367,0
DA:374,0
DA:382,0
DA:383,0
DA:386,0
DA:394,0
DA:395,0
LF:100
LH:7
BRDA:41,0,0,0
BRDA:71,1,0,0
BRDA:78,2,0,0
BRDA:110,3,0,0
BRDA:110,4,0,0
BRDA:119,5,0,0
BRDA:123,6,0,0
BRDA:160,7,0,0
BRDA:192,8,0,0
BRDA:192,8,1,0
BRDA:212,9,0,0
BRDA:224,10,0,0
BRDA:224,11,0,0
BRDA:224,11,1,0
BRDA:248,12,0,0
BRDA:248,12,1,0
BRDA:265,13,0,0
BRDA:280,14,0,0
BRDA:281,15,0,0
BRDA:281,15,1,0
BRDA:304,16,0,0
BRDA:313,17,0,0
BRDA:317,18,0,0
BRDA:321,19,0,0
BRDA:325,20,0,0
BRDA:329,21,0,0
BRDA:334,22,0,0
BRDA:334,22,1,0
BRDA:335,23,0,0
BRDA:335,23,1,0
BRDA:337,24,0,0
BRDA:382,25,0,0
BRF:32
BRH:0
end_of_record
TN:
SF:libs\modules\src\shiftsquad\services\cham-cong.service.ts
FN:46,(anonymous_2)
FN:76,(anonymous_3)
FN:107,(anonymous_4)
FN:108,(anonymous_5)
FN:114,(anonymous_6)
FN:136,(anonymous_7)
FN:246,(anonymous_8)
FN:331,(anonymous_9)
FN:380,(anonymous_10)
FN:402,(anonymous_11)
FN:456,(anonymous_12)
FN:464,(anonymous_13)
FN:537,(anonymous_14)
FN:577,(anonymous_15)
FNF:14
FNH:1
FNDA:7,(anonymous_2)
FNDA:0,(anonymous_3)
FNDA:0,(anonymous_4)
FNDA:0,(anonymous_5)
FNDA:0,(anonymous_6)
FNDA:0,(anonymous_7)
FNDA:0,(anonymous_8)
FNDA:0,(anonymous_9)
FNDA:0,(anonymous_10)
FNDA:0,(anonymous_11)
FNDA:0,(anonymous_12)
FNDA:0,(anonymous_13)
FNDA:0,(anonymous_14)
FNDA:0,(anonymous_15)
DA:21,7
DA:28,7
DA:29,7
DA:30,7
DA:31,7
DA:40,7
DA:43,7
DA:44,7
DA:47,7
DA:48,7
DA:54,7
DA:77,0
DA:81,0
DA:82,0
DA:88,0
DA:108,0
DA:115,0
DA:116,0
DA:137,0
DA:138,0
DA:141,0
DA:150,0
DA:151,0
DA:152,0
DA:159,0
DA:162,0
DA:164,0
DA:165,0
DA:166,0
DA:167,0
DA:170,0
DA:171,0
DA:172,0
DA:177,0
DA:179,0
DA:190,0
DA:191,0
DA:197,0
DA:209,0
DA:213,0
DA:247,0
DA:248,0
DA:251,0
DA:264,0
DA:265,0
DA:271,0
DA:273,0
DA:274,0
DA:275,0
DA:276,0
DA:279,0
DA:280,0
DA:281,0
DA:286,0
DA:300,0
DA:305,0
DA:309,0
DA:332,0
DA:335,0
DA:336,0
DA:339,0
DA:354,0
DA:355,0
DA:356,0
DA:358,0
DA:359,0
DA:360,0
DA:366,0
DA:367,0
DA:370,0
DA:371,0
DA:375,0
DA:380,0
DA:403,0
DA:404,0
DA:406,0
DA:407,0
DA:410,0
DA:436,0
DA:455,0
DA:456,0
DA:460,0
DA:461,0
DA:462,0
DA:464,0
DA:465,0
DA:467,0
DA:470,0
DA:471,0
DA:472,0
DA:473,0
DA:475,0
DA:476,0
DA:479,0
DA:480,0
DA:486,0
DA:489,0
DA:492,0
DA:509,0
DA:538,0
DA:540,0
DA:550,0
DA:551,0
DA:559,0
DA:560,0
DA:562,0
DA:578,0
DA:587,0
DA:588,0
DA:591,0
LF:110
LH:11
BRDA:77,0,0,0
BRDA:81,1,0,0
BRDA:81,2,0,0
BRDA:81,2,1,0
BRDA:92,3,0,0
BRDA:92,3,1,0
BRDA:93,4,0,0
BRDA:93,4,1,0
BRDA:94,5,0,0
BRDA:94,5,1,0
BRDA:95,6,0,0
BRDA:95,6,1,0
BRDA:97,7,0,0
BRDA:97,7,1,0
BRDA:150,8,0,0
BRDA:151,9,0,0
BRDA:164,10,0,0
BRDA:170,11,0,0
BRDA:177,12,0,0
BRDA:177,12,1,0
BRDA:186,13,0,0
BRDA:186,13,1,0
BRDA:190,14,0,0
BRDA:190,14,1,0
BRDA:210,15,0,0
BRDA:210,15,1,0
BRDA:216,16,0,0
BRDA:216,16,1,0
BRDA:264,17,0,0
BRDA:273,18,0,0
BRDA:279,19,0,0
BRDA:293,20,0,0
BRDA:293,20,1,0
BRDA:359,21,0,0
BRDA:359,22,0,0
BRDA:359,22,1,0
BRDA:366,23,0,0
BRDA:370,24,0,0
BRDA:403,25,0,0
BRDA:403,26,0,0
BRDA:470,27,0,0
BRDA:470,27,1,0
BRDA:471,28,0,0
BRDA:471,28,1,0
BRDA:475,29,0,0
BRDA:479,30,0,0
BRDA:498,31,0,0
BRDA:498,31,1,0
BRDA:550,32,0,0
BRDA:563,33,0,0
BRDA:563,33,1,0
BRDA:565,34,0,0
BRDA:565,34,1,0
BRDA:569,35,0,0
BRDA:569,35,1,0
BRDA:587,36,0,0
BRF:56
BRH:0
end_of_record
TN:
SF:libs\modules\src\stockpile\controllers\kho.controller.ts
FN:52,(anonymous_4)
FN:70,(anonymous_5)
FN:90,(anonymous_6)
FN:109,(anonymous_7)
FN:126,(anonymous_8)
FN:145,(anonymous_9)
FN:168,(anonymous_10)
FN:193,(anonymous_11)
FN:215,(anonymous_12)
FNF:9
FNH:1
FNDA:7,(anonymous_4)
FNDA:0,(anonymous_5)
FNDA:0,(anonymous_6)
FNDA:0,(anonymous_7)
FNDA:0,(anonymous_8)
FNDA:0,(anonymous_9)
FNDA:0,(anonymous_10)
FNDA:0,(anonymous_11)
FNDA:0,(anonymous_12)
DA:15,7
DA:30,7
DA:37,7
DA:38,7
DA:45,7
DA:51,7
DA:52,7
DA:70,7
DA:74,0
DA:90,7
DA:94,0
DA:109,7
DA:110,0
DA:126,7
DA:127,0
DA:145,7
DA:149,0
DA:168,7
DA:173,0
DA:193,7
DA:197,0
DA:215,7
DA:219,0
LF:23
LH:15
BRF:0
BRH:0
end_of_record
TN:
SF:libs\modules\src\stockpile\controllers\nhom-san-pham.controller.ts
FN:44,(anonymous_4)
FN:55,(anonymous_5)
FN:69,(anonymous_6)
FN:76,(anonymous_7)
FN:86,(anonymous_8)
FN:96,(anonymous_9)
FN:108,(anonymous_10)
FNF:7
FNH:1
FNDA:7,(anonymous_4)
FNDA:0,(anonymous_5)
FNDA:0,(anonymous_6)
FNDA:0,(anonymous_7)
FNDA:0,(anonymous_8)
FNDA:0,(anonymous_9)
FNDA:0,(anonymous_10)
DA:8,7
DA:22,7
DA:29,7
DA:30,7
DA:31,7
DA:43,7
DA:44,7
DA:55,7
DA:56,0
DA:69,7
DA:70,0
DA:76,7
DA:77,0
DA:78,0
DA:86,7
DA:87,0
DA:96,7
DA:100,0
DA:108,7
DA:109,0
LF:20
LH:13
BRF:0
BRH:0
end_of_record
TN:
SF:libs\modules\src\stockpile\controllers\san-pham.controller.ts
FN:48,(anonymous_4)
FN:75,(anonymous_5)
FN:99,(anonymous_6)
FN:121,(anonymous_7)
FN:144,(anonymous_8)
FN:162,(anonymous_9)
FN:175,(anonymous_10)
FN:189,(anonymous_11)
FN:204,(anonymous_12)
FN:222,(anonymous_13)
FNF:10
FNH:1
FNDA:7,(anonymous_4)
FNDA:0,(anonymous_5)
FNDA:0,(anonymous_6)
FNDA:0,(anonymous_7)
FNDA:0,(anonymous_8)
FNDA:0,(anonymous_9)
FNDA:0,(anonymous_10)
FNDA:0,(anonymous_11)
FNDA:0,(anonymous_12)
FNDA:0,(anonymous_13)
DA:8,7
DA:23,7
DA:32,7
DA:33,7
DA:34,7
DA:47,7
DA:48,7
DA:75,7
DA:76,0
DA:99,7
DA:100,0
DA:121,7
DA:122,0
DA:144,7
DA:145,0
DA:162,7
DA:163,0
DA:164,0
DA:175,7
DA:176,0
DA:189,7
DA:193,0
DA:204,7
DA:208,0
DA:222,7
DA:223,0
LF:26
LH:16
BRF:0
BRH:0
end_of_record
TN:
SF:libs\modules\src\stockpile\controllers\ton-kho.controller.ts
FN:59,(anonymous_4)
FN:88,(anonymous_5)
FN:144,(anonymous_6)
FN:184,(anonymous_7)
FN:211,(anonymous_8)
FN:247,(anonymous_9)
FN:284,(anonymous_10)
FN:325,(anonymous_11)
FNF:8
FNH:1
FNDA:7,(anonymous_4)
FNDA:0,(anonymous_5)
FNDA:0,(anonymous_6)
FNDA:0,(anonymous_7)
FNDA:0,(anonymous_8)
FNDA:0,(anonymous_9)
FNDA:0,(anonymous_10)
FNDA:0,(anonymous_11)
DA:21,7
DA:33,7
DA:41,7
DA:42,7
DA:52,7
DA:58,7
DA:59,7
DA:88,7
DA:92,0
DA:144,7
DA:148,0
DA:184,7
DA:188,0
DA:211,7
DA:215,0
DA:247,7
DA:251,0
DA:284,7
DA:288,0
DA:325,7
DA:329,0
LF:21
LH:14
BRF:0
BRH:0
end_of_record
TN:
SF:libs\modules\src\stockpile\services\kho.service.ts
FN:30,(anonymous_2)
FN:48,(anonymous_3)
FN:59,(anonymous_4)
FN:60,(anonymous_5)
FN:72,(anonymous_6)
FN:113,(anonymous_7)
FN:161,(anonymous_8)
FN:181,(anonymous_9)
FN:225,(anonymous_10)
FN:261,(anonymous_11)
FN:273,(anonymous_12)
FN:305,(anonymous_13)
FNF:12
FNH:1
FNDA:7,(anonymous_2)
FNDA:0,(anonymous_3)
FNDA:0,(anonymous_4)
FNDA:0,(anonymous_5)
FNDA:0,(anonymous_6)
FNDA:0,(anonymous_7)
FNDA:0,(anonymous_8)
FNDA:0,(anonymous_9)
FNDA:0,(anonymous_10)
FNDA:0,(anonymous_11)
FNDA:0,(anonymous_12)
FNDA:0,(anonymous_13)
DA:15,7
DA:22,7
DA:23,7
DA:27,7
DA:28,7
DA:30,7
DA:35,7
DA:49,0
DA:50,0
DA:60,0
DA:73,0
DA:76,0
DA:77,0
DA:84,0
DA:85,0
DA:91,0
DA:92,0
DA:106,0
DA:107,0
DA:114,0
DA:115,0
DA:118,0
DA:124,0
DA:125,0
DA:132,0
DA:133,0
DA:136,0
DA:147,0
DA:162,0
DA:171,0
DA:172,0
DA:175,0
DA:183,0
DA:186,0
DA:187,0
DA:194,0
DA:195,0
DA:202,0
DA:205,0
DA:206,0
DA:207,0
DA:208,0
DA:209,0
DA:212,0
DA:218,0
DA:219,0
DA:226,0
DA:229,0
DA:238,0
DA:239,0
DA:245,0
DA:254,0
DA:255,0
DA:262,0
DA:274,0
DA:282,0
DA:283,0
DA:286,0
DA:295,0
DA:296,0
DA:306,0
DA:321,0
LF:62
LH:7
BRDA:49,0,0,0
BRDA:52,1,0,0
BRDA:52,1,1,0
BRDA:73,2,0,0
BRDA:76,3,0,0
BRDA:84,4,0,0
BRDA:114,5,0,0
BRDA:114,6,0,0
BRDA:124,7,0,0
BRDA:132,8,0,0
BRDA:171,9,0,0
BRDA:186,10,0,0
BRDA:194,11,0,0
BRDA:205,12,0,0
BRDA:206,13,0,0
BRDA:207,14,0,0
BRDA:208,15,0,0
BRDA:209,16,0,0
BRDA:209,16,1,0
BRDA:238,17,0,0
BRDA:282,18,0,0
BRF:21
BRH:0
end_of_record
TN:
SF:libs\modules\src\stockpile\services\nhom-san-pham.service.ts
FN:26,(anonymous_2)
FN:31,(anonymous_3)
FN:57,(anonymous_4)
FN:89,(anonymous_5)
FN:109,(anonymous_6)
FN:132,(anonymous_7)
FN:165,(anonymous_8)
FN:180,(anonymous_9)
FNF:8
FNH:1
FNDA:7,(anonymous_2)
FNDA:0,(anonymous_3)
FNDA:0,(anonymous_4)
FNDA:0,(anonymous_5)
FNDA:0,(anonymous_6)
FNDA:0,(anonymous_7)
FNDA:0,(anonymous_8)
FNDA:0,(anonymous_9)
DA:8,7
DA:14,7
DA:15,7
DA:23,7
DA:24,7
DA:26,7
DA:33,0
DA:37,0
DA:38,0
DA:41,0
DA:50,0
DA:51,0
DA:58,0
DA:59,0
DA:61,0
DA:63,0
DA:64,0
DA:70,0
DA:89,0
DA:95,0
DA:110,0
DA:119,0
DA:120,0
DA:123,0
DA:133,0
DA:136,0
DA:137,0
DA:144,0
DA:145,0
DA:149,0
DA:158,0
DA:159,0
DA:166,0
DA:169,0
DA:173,0
DA:174,0
DA:181,0
LF:37
LH:6
BRDA:37,0,0,0
BRDA:46,1,0,0
BRDA:46,1,1,0
BRDA:58,2,0,0
BRDA:58,3,0,0
BRDA:63,4,0,0
BRDA:91,5,0,0
BRDA:91,5,1,0
BRDA:119,6,0,0
BRDA:125,7,0,0
BRDA:125,7,1,0
BRDA:136,8,0,0
BRDA:144,9,0,0
BRDA:152,10,0,0
BRDA:152,10,1,0
BRDA:153,11,0,0
BRDA:153,11,1,0
BRDA:154,12,0,0
BRDA:154,12,1,0
BRF:19
BRH:0
end_of_record
TN:
SF:libs\modules\src\stockpile\services\san-pham.service.ts
FN:31,(anonymous_2)
FN:36,(anonymous_3)
FN:55,(anonymous_4)
FN:56,(anonymous_5)
FN:62,(anonymous_6)
FN:116,(anonymous_7)
FN:177,(anonymous_8)
FN:197,(anonymous_9)
FN:219,(anonymous_10)
FN:280,(anonymous_11)
FN:295,(anonymous_12)
FN:302,(anonymous_13)
FN:308,(anonymous_14)
FN:317,(anonymous_15)
FN:325,(anonymous_16)
FN:326,(anonymous_17)
FN:333,(anonymous_18)
FN:335,(anonymous_19)
FNF:18
FNH:1
FNDA:7,(anonymous_2)
FNDA:0,(anonymous_3)
FNDA:0,(anonymous_4)
FNDA:0,(anonymous_5)
FNDA:0,(anonymous_6)
FNDA:0,(anonymous_7)
FNDA:0,(anonymous_8)
FNDA:0,(anonymous_9)
FNDA:0,(anonymous_10)
FNDA:0,(anonymous_11)
FNDA:0,(anonymous_12)
FNDA:0,(anonymous_13)
FNDA:0,(anonymous_14)
FNDA:0,(anonymous_15)
FNDA:0,(anonymous_16)
FNDA:0,(anonymous_17)
FNDA:0,(anonymous_18)
FNDA:0,(anonymous_19)
DA:12,7
DA:18,7
DA:19,7
DA:20,7
DA:28,7
DA:29,7
DA:31,7
DA:37,0
DA:39,0
DA:56,0
DA:64,0
DA:67,0
DA:71,0
DA:72,0
DA:78,0
DA:79,0
DA:82,0
DA:83,0
DA:89,0
DA:109,0
DA:110,0
DA:123,0
DA:124,0
DA:127,0
DA:130,0
DA:131,0
DA:139,0
DA:140,0
DA:144,0
DA:145,0
DA:148,0
DA:163,0
DA:178,0
DA:187,0
DA:188,0
DA:191,0
DA:198,0
DA:207,0
DA:208,0
DA:213,0
DA:221,0
DA:224,0
DA:225,0
DA:232,0
DA:233,0
DA:240,0
DA:241,0
DA:244,0
DA:245,0
DA:251,0
DA:273,0
DA:274,0
DA:281,0
DA:284,0
DA:288,0
DA:289,0
DA:296,0
DA:303,0
DA:308,0
DA:318,0
DA:324,0
DA:325,0
DA:326,0
DA:328,0
DA:333,0
DA:335,0
LF:66
LH:7
BRDA:37,0,0,0
BRDA:43,1,0,0
BRDA:43,1,1,0
BRDA:64,2,0,0
BRDA:64,2,1,0
BRDA:71,3,0,0
BRDA:78,4,0,0
BRDA:82,5,0,0
BRDA:95,6,0,0
BRDA:95,6,1,0
BRDA:96,7,0,0
BRDA:96,7,1,0
BRDA:118,8,0,0
BRDA:119,9,0,0
BRDA:130,10,0,0
BRDA:139,11,0,0
BRDA:144,12,0,0
BRDA:187,13,0,0
BRDA:207,14,0,0
BRDA:224,15,0,0
BRDA:232,16,0,0
BRDA:240,17,0,0
BRDA:244,18,0,0
BRDA:254,19,0,0
BRDA:254,19,1,0
BRDA:255,20,0,0
BRDA:255,20,1,0
BRDA:256,21,0,0
BRDA:256,21,1,0
BRDA:257,22,0,0
BRDA:257,22,1,0
BRDA:258,23,0,0
BRDA:258,23,1,0
BRDA:259,24,0,0
BRDA:259,24,1,0
BRDA:260,25,0,0
BRDA:260,25,1,0
BRDA:261,26,0,0
BRDA:261,26,1,0
BRDA:262,27,0,0
BRDA:262,27,1,0
BRDA:263,28,0,0
BRDA:263,28,1,0
BRDA:310,29,0,0
BRDA:310,29,1,0
BRDA:337,30,0,0
BRDA:337,30,1,0
BRDA:338,31,0,0
BRDA:338,31,1,0
BRDA:340,32,0,0
BRDA:340,32,1,0
BRF:51
BRH:0
end_of_record
TN:
SF:libs\modules\src\stockpile\services\ton-kho.service.ts
FN:49,(anonymous_2)
FN:57,(anonymous_3)
FN:71,(anonymous_4)
FN:84,(anonymous_5)
FN:99,(anonymous_6)
FN:134,(anonymous_7)
FN:150,(anonymous_8)
FN:160,(anonymous_9)
FN:161,(anonymous_10)
FN:172,(anonymous_11)
FN:245,(anonymous_12)
FN:278,(anonymous_13)
FN:311,(anonymous_14)
FN:333,(anonymous_15)
FN:365,(anonymous_16)
FN:426,(anonymous_17)
FN:460,(anonymous_18)
FN:498,(anonymous_19)
FN:519,(anonymous_20)
FN:551,(anonymous_21)
FN:638,(anonymous_22)
FN:666,(anonymous_23)
FN:713,(anonymous_24)
FN:732,(anonymous_25)
FN:824,(anonymous_26)
FN:843,(anonymous_27)
FN:875,(anonymous_28)
FN:880,(anonymous_29)
FN:899,(anonymous_30)
FNF:29
FNH:1
FNDA:7,(anonymous_2)
FNDA:0,(anonymous_3)
FNDA:0,(anonymous_4)
FNDA:0,(anonymous_5)
FNDA:0,(anonymous_6)
FNDA:0,(anonymous_7)
FNDA:0,(anonymous_8)
FNDA:0,(anonymous_9)
FNDA:0,(anonymous_10)
FNDA:0,(anonymous_11)
FNDA:0,(anonymous_12)
FNDA:0,(anonymous_13)
FNDA:0,(anonymous_14)
FNDA:0,(anonymous_15)
FNDA:0,(anonymous_16)
FNDA:0,(anonymous_17)
FNDA:0,(anonymous_18)
FNDA:0,(anonymous_19)
FNDA:0,(anonymous_20)
FNDA:0,(anonymous_21)
FNDA:0,(anonymous_22)
FNDA:0,(anonymous_23)
FNDA:0,(anonymous_24)
FNDA:0,(anonymous_25)
FNDA:0,(anonymous_26)
FNDA:0,(anonymous_27)
FNDA:0,(anonymous_28)
FNDA:0,(anonymous_29)
FNDA:0,(anonymous_30)
DA:24,7
DA:30,7
DA:31,7
DA:32,7
DA:43,7
DA:46,7
DA:47,7
DA:49,7
DA:58,0
DA:64,0
DA:65,0
DA:72,0
DA:73,0
DA:85,0
DA:86,0
DA:100,0
DA:101,0
DA:135,0
DA:138,0
DA:145,0
DA:146,0
DA:150,0
DA:151,0
DA:159,0
DA:160,0
DA:161,0
DA:162,0
DA:168,0
DA:169,0
DA:172,0
DA:173,0
DA:175,0
DA:176,0
DA:179,0
DA:180,0
DA:205,0
DA:208,0
DA:216,0
DA:218,0
DA:228,0
DA:242,0
DA:245,0
DA:246,0
DA:250,0
DA:279,0
DA:282,0
DA:289,0
DA:290,0
DA:294,0
DA:295,0
DA:302,0
DA:303,0
DA:310,0
DA:311,0
DA:314,0
DA:332,0
DA:333,0
DA:336,0
DA:337,0
DA:338,0
DA:339,0
DA:344,0
DA:345,0
DA:346,0
DA:353,0
DA:354,0
DA:361,0
DA:362,0
DA:365,0
DA:366,0
DA:368,0
DA:369,0
DA:370,0
DA:373,0
DA:374,0
DA:410,0
DA:413,0
DA:423,0
DA:426,0
DA:427,0
DA:431,0
DA:461,0
DA:464,0
DA:465,0
DA:469,0
DA:476,0
DA:477,0
DA:483,0
DA:490,0
DA:491,0
DA:497,0
DA:498,0
DA:500,0
DA:518,0
DA:519,0
DA:522,0
DA:523,0
DA:524,0
DA:525,0
DA:530,0
DA:531,0
DA:532,0
DA:539,0
DA:540,0
DA:547,0
DA:548,0
DA:551,0
DA:552,0
DA:554,0
DA:555,0
DA:556,0
DA:559,0
DA:560,0
DA:590,0
DA:593,0
DA:603,0
DA:611,0
DA:612,0
DA:621,0
DA:635,0
DA:638,0
DA:639,0
DA:643,0
DA:667,0
DA:668,0
DA:671,0
DA:678,0
DA:679,0
DA:683,0
DA:684,0
DA:692,0
DA:712,0
DA:713,0
DA:741,0
DA:742,0
DA:745,0
DA:753,0
DA:754,0
DA:755,0
DA:756,0
DA:758,0
DA:759,0
DA:760,0
DA:761,0
DA:766,0
DA:767,0
DA:770,0
DA:821,0
DA:824,0
DA:844,0
DA:852,0
DA:853,0
DA:858,0
DA:875,0
DA:877,0
DA:880,0
DA:900,0
DA:904,0
DA:905,0
DA:908,0
DA:936,0
LF:161
LH:8
BRDA:64,0,0,0
BRDA:64,0,1,0
BRDA:72,1,0,0
BRDA:85,2,0,0
BRDA:88,3,0,0
BRDA:88,3,1,0
BRDA:89,4,0,0
BRDA:89,4,1,0
BRDA:91,5,0,0
BRDA:91,5,1,0
BRDA:91,6,0,0
BRDA:91,6,1,0
BRDA:100,7,0,0
BRDA:105,8,0,0
BRDA:105,8,1,0
BRDA:108,9,0,0
BRDA:108,9,1,0
BRDA:145,10,0,0
BRDA:159,11,0,0
BRDA:176,12,0,0
BRDA:189,13,0,0
BRDA:189,13,1,0
BRDA:189,14,0,0
BRDA:189,14,1,0
BRDA:216,15,0,0
BRDA:216,15,1,0
BRDA:289,16,0,0
BRDA:294,17,0,0
BRDA:302,18,0,0
BRDA:338,19,0,0
BRDA:338,19,1,0
BRDA:345,20,0,0
BRDA:353,21,0,0
BRDA:384,22,0,0
BRDA:384,22,1,0
BRDA:385,23,0,0
BRDA:385,23,1,0
BRDA:428,24,0,0
BRDA:428,24,1,0
BRDA:464,25,0,0
BRDA:476,26,0,0
BRDA:490,27,0,0
BRDA:524,28,0,0
BRDA:524,28,1,0
BRDA:531,29,0,0
BRDA:539,30,0,0
BRDA:570,31,0,0
BRDA:570,31,1,0
BRDA:611,32,0,0
BRDA:611,32,1,0
BRDA:667,33,0,0
BRDA:667,34,0,0
BRDA:678,35,0,0
BRDA:683,36,0,0
BRDA:734,37,0,0
BRDA:735,38,0,0
BRDA:753,39,0,0
BRDA:753,40,0,0
BRDA:753,40,1,0
BRDA:755,41,0,0
BRDA:758,42,0,0
BRDA:766,43,0,0
BRDA:823,44,0,0
BRDA:823,44,1,0
BRDA:852,45,0,0
BRDA:904,46,0,0
BRDA:926,47,0,0
BRDA:926,47,1,0
BRDA:938,48,0,0
BRDA:938,48,1,0
BRF:70
BRH:0
end_of_record
TN:
SF:libs\modules\src\techmate\controllers\cong-viec.controller.ts
FN:96,(anonymous_4)
FN:130,(anonymous_5)
FN:159,(anonymous_6)
FN:186,(anonymous_7)
FN:228,(anonymous_8)
FN:244,(anonymous_9)
FN:260,(anonymous_10)
FN:279,(anonymous_11)
FN:306,(anonymous_12)
FN:325,(anonymous_13)
FN:343,(anonymous_14)
FN:375,(anonymous_15)
FN:393,(anonymous_16)
FN:412,(anonymous_17)
FN:432,(anonymous_18)
FN:450,(anonymous_19)
FN:468,(anonymous_20)
FN:501,(anonymous_21)
FN:530,(anonymous_22)
FN:549,(anonymous_23)
FN:566,(anonymous_24)
FN:576,(anonymous_25)
FN:591,(anonymous_26)
FN:610,(anonymous_27)
FNF:24
FNH:2
FNDA:7,(anonymous_4)
FNDA:0,(anonymous_5)
FNDA:0,(anonymous_6)
FNDA:0,(anonymous_7)
FNDA:0,(anonymous_8)
FNDA:0,(anonymous_9)
FNDA:0,(anonymous_10)
FNDA:0,(anonymous_11)
FNDA:0,(anonymous_12)
FNDA:0,(anonymous_13)
FNDA:0,(anonymous_14)
FNDA:0,(anonymous_15)
FNDA:0,(anonymous_16)
FNDA:0,(anonymous_17)
FNDA:0,(anonymous_18)
FNDA:0,(anonymous_19)
FNDA:0,(anonymous_20)
FNDA:0,(anonymous_21)
FNDA:0,(anonymous_22)
FNDA:0,(anonymous_23)
FNDA:7,(anonymous_24)
FNDA:0,(anonymous_25)
FNDA:0,(anonymous_26)
FNDA:0,(anonymous_27)
DA:35,7
DA:49,7
DA:59,7
DA:60,7
DA:61,7
DA:62,7
DA:63,7
DA:72,7
DA:77,7
DA:95,7
DA:97,7
DA:98,7
DA:99,7
DA:130,7
DA:134,0
DA:159,7
DA:163,0
DA:186,7
DA:194,0
DA:228,7
DA:229,0
DA:244,7
DA:245,0
DA:246,0
DA:260,7
DA:264,0
DA:279,7
DA:284,0
DA:306,7
DA:311,0
DA:325,7
DA:329,0
DA:343,7
DA:347,0
DA:375,7
DA:380,0
DA:393,7
DA:397,0
DA:412,7
DA:417,0
DA:432,7
DA:436,0
DA:450,7
DA:454,0
DA:468,7
DA:472,0
DA:501,7
DA:506,0
DA:530,7
DA:535,0
DA:549,7
DA:554,0
DA:565,7
DA:566,7
DA:576,7
DA:580,0
DA:591,7
DA:596,0
DA:610,7
DA:614,0
LF:60
LH:37
BRF:0
BRH:0
end_of_record
TN:
SF:libs\modules\src\techmate\controllers\khach-hang.controller.ts
FN:53,(anonymous_4)
FN:91,(anonymous_5)
FN:121,(anonymous_6)
FN:149,(anonymous_7)
FN:173,(anonymous_8)
FN:206,(anonymous_9)
FN:244,(anonymous_10)
FN:268,(anonymous_11)
FN:302,(anonymous_12)
FN:329,(anonymous_13)
FNF:10
FNH:1
FNDA:7,(anonymous_4)
FNDA:0,(anonymous_5)
FNDA:0,(anonymous_6)
FNDA:0,(anonymous_7)
FNDA:0,(anonymous_8)
FNDA:0,(anonymous_9)
FNDA:0,(anonymous_10)
FNDA:0,(anonymous_11)
FNDA:0,(anonymous_12)
FNDA:0,(anonymous_13)
DA:13,7
DA:28,7
DA:37,7
DA:38,7
DA:39,7
DA:52,7
DA:53,7
DA:91,7
DA:92,0
DA:121,7
DA:122,0
DA:149,7
DA:150,0
DA:173,7
DA:174,0
DA:175,0
DA:206,7
DA:207,0
DA:244,7
DA:248,0
DA:268,7
DA:272,0
DA:302,7
DA:303,0
DA:329,7
DA:330,0
LF:26
LH:16
BRF:0
BRH:0
end_of_record
TN:
SF:libs\modules\src\techmate\services\cong-viec.service.ts
FN:36,(anonymous_2)
FN:47,(anonymous_3)
FN:118,(anonymous_4)
FN:233,(anonymous_5)
FN:272,(anonymous_6)
FN:340,(anonymous_7)
FN:418,(anonymous_8)
FN:511,(anonymous_9)
FN:535,(anonymous_10)
FN:560,(anonymous_11)
FN:585,(anonymous_12)
FN:597,(anonymous_13)
FN:629,(anonymous_14)
FN:636,(anonymous_15)
FNF:14
FNH:1
FNDA:7,(anonymous_2)
FNDA:0,(anonymous_3)
FNDA:0,(anonymous_4)
FNDA:0,(anonymous_5)
FNDA:0,(anonymous_6)
FNDA:0,(anonymous_7)
FNDA:0,(anonymous_8)
FNDA:0,(anonymous_9)
FNDA:0,(anonymous_10)
FNDA:0,(anonymous_11)
FNDA:0,(anonymous_12)
FNDA:0,(anonymous_13)
FNDA:0,(anonymous_14)
FNDA:0,(anonymous_15)
DA:18,7
DA:24,7
DA:25,7
DA:27,7
DA:35,7
DA:36,7
DA:53,0
DA:54,0
DA:55,0
DA:57,0
DA:58,0
DA:60,0
DA:61,0
DA:66,0
DA:67,0
DA:74,0
DA:75,0
DA:80,0
DA:82,0
DA:112,0
DA:129,0
DA:131,0
DA:134,0
DA:139,0
DA:140,0
DA:144,0
DA:145,0
DA:149,0
DA:150,0
DA:154,0
DA:155,0
DA:159,0
DA:160,0
DA:161,0
DA:162,0
DA:164,0
DA:165,0
DA:170,0
DA:171,0
DA:178,0
DA:219,0
DA:234,0
DA:262,0
DA:263,0
DA:266,0
DA:274,0
DA:282,0
DA:283,0
DA:287,0
DA:288,0
DA:289,0
DA:290,0
DA:291,0
DA:293,0
DA:294,0
DA:299,0
DA:300,0
DA:307,0
DA:308,0
DA:312,0
DA:346,0
DA:354,0
DA:355,0
DA:358,0
DA:361,0
DA:368,0
DA:369,0
DA:375,0
DA:381,0
DA:382,0
DA:385,0
DA:429,0
DA:430,0
DA:431,0
DA:434,0
DA:444,0
DA:445,0
DA:452,0
DA:453,0
DA:454,0
DA:455,0
DA:457,0
DA:458,0
DA:460,0
DA:466,0
DA:511,0
DA:521,0
DA:536,0
DA:544,0
DA:545,0
DA:548,0
DA:561,0
DA:569,0
DA:570,0
DA:573,0
DA:586,0
DA:598,0
DA:626,0
DA:630,0
DA:631,0
DA:637,0
DA:638,0
LF:102
LH:6
BRDA:53,0,0,0
BRDA:60,1,0,0
BRDA:66,2,0,0
BRDA:74,3,0,0
BRDA:90,4,0,0
BRDA:90,4,1,0
BRDA:94,5,0,0
BRDA:94,5,1,0
BRDA:120,6,0,0
BRDA:121,7,0,0
BRDA:139,8,0,0
BRDA:144,9,0,0
BRDA:149,10,0,0
BRDA:154,11,0,0
BRDA:159,12,0,0
BRDA:159,13,0,0
BRDA:159,13,1,0
BRDA:161,14,0,0
BRDA:164,15,0,0
BRDA:170,16,0,0
BRDA:262,17,0,0
BRDA:282,18,0,0
BRDA:287,19,0,0
BRDA:293,20,0,0
BRDA:299,21,0,0
BRDA:307,22,0,0
BRDA:316,23,0,0
BRDA:316,23,1,0
BRDA:354,24,0,0
BRDA:368,25,0,0
BRDA:381,26,0,0
BRDA:429,27,0,0
BRDA:429,27,1,0
BRDA:430,28,0,0
BRDA:430,28,1,0
BRDA:444,29,0,0
BRDA:452,30,0,0
BRDA:452,31,0,0
BRDA:452,31,1,0
BRDA:454,32,0,0
BRDA:457,33,0,0
BRDA:544,34,0,0
BRDA:569,35,0,0
BRF:43
BRH:0
end_of_record
TN:
SF:libs\modules\src\techmate\services\khach-hang.service.ts
FN:36,(anonymous_2)
FN:51,(anonymous_3)
FN:104,(anonymous_4)
FN:166,(anonymous_5)
FN:184,(anonymous_6)
FN:207,(anonymous_7)
FN:262,(anonymous_8)
FN:280,(anonymous_9)
FN:310,(anonymous_10)
FN:319,(anonymous_11)
FN:327,(anonymous_12)
FNF:11
FNH:1
FNDA:7,(anonymous_2)
FNDA:0,(anonymous_3)
FNDA:0,(anonymous_4)
FNDA:0,(anonymous_5)
FNDA:0,(anonymous_6)
FNDA:0,(anonymous_7)
FNDA:0,(anonymous_8)
FNDA:0,(anonymous_9)
FNDA:0,(anonymous_10)
FNDA:0,(anonymous_11)
FNDA:0,(anonymous_12)
DA:15,7
DA:21,7
DA:22,7
DA:33,7
DA:34,7
DA:36,7
DA:53,0
DA:57,0
DA:61,0
DA:62,0
DA:69,0
DA:85,0
DA:86,0
DA:105,0
DA:106,0
DA:109,0
DA:112,0
DA:113,0
DA:122,0
DA:123,0
DA:127,0
DA:128,0
DA:134,0
DA:144,0
DA:146,0
DA:167,0
DA:172,0
DA:173,0
DA:176,0
DA:185,0
DA:189,0
DA:190,0
DA:195,0
DA:209,0
DA:212,0
DA:213,0
DA:220,0
DA:221,0
DA:229,0
DA:247,0
DA:248,0
DA:264,0
DA:267,0
DA:271,0
DA:272,0
DA:282,0
DA:289,0
DA:290,0
DA:296,0
DA:301,0
DA:302,0
DA:311,0
DA:322,0
DA:327,0
LF:54
LH:6
BRDA:53,0,0,0
BRDA:53,0,1,0
BRDA:61,1,0,0
BRDA:105,2,0,0
BRDA:105,3,0,0
BRDA:112,4,0,0
BRDA:122,5,0,0
BRDA:127,6,0,0
BRDA:172,7,0,0
BRDA:189,8,0,0
BRDA:212,9,0,0
BRDA:220,10,0,0
BRDA:232,11,0,0
BRDA:232,11,1,0
BRDA:233,12,0,0
BRDA:233,12,1,0
BRDA:234,13,0,0
BRDA:234,13,1,0
BRDA:237,14,0,0
BRDA:237,14,1,0
BRDA:238,15,0,0
BRDA:238,15,1,0
BRDA:239,16,0,0
BRDA:239,16,1,0
BRDA:240,17,0,0
BRDA:240,17,1,0
BRDA:241,18,0,0
BRDA:241,18,1,0
BRDA:242,19,0,0
BRDA:242,19,1,0
BRDA:243,20,0,0
BRDA:243,20,1,0
BRDA:289,21,0,0
BRDA:329,22,0,0
BRDA:329,22,1,0
BRF:35
BRH:0
end_of_record
TN:
SF:libs\modules\src\techmate\services\nghiem-thu-hinh-anh.service.ts
FN:32,(anonymous_2)
FN:42,(anonymous_3)
FN:91,(anonymous_4)
FN:111,(anonymous_5)
FN:137,(anonymous_6)
FN:180,(anonymous_7)
FN:194,(anonymous_8)
FN:222,(anonymous_9)
FN:256,(anonymous_10)
FN:285,(anonymous_11)
FNF:10
FNH:1
FNDA:7,(anonymous_2)
FNDA:0,(anonymous_3)
FNDA:0,(anonymous_4)
FNDA:0,(anonymous_5)
FNDA:0,(anonymous_6)
FNDA:0,(anonymous_7)
FNDA:0,(anonymous_8)
FNDA:0,(anonymous_9)
FNDA:0,(anonymous_10)
FNDA:0,(anonymous_11)
DA:15,7
DA:21,7
DA:22,7
DA:24,7
DA:31,7
DA:32,7
DA:49,0
DA:57,0
DA:58,0
DA:62,0
DA:71,0
DA:85,0
DA:98,0
DA:106,0
DA:107,0
DA:111,0
DA:124,0
DA:128,0
DA:142,0
DA:149,0
DA:150,0
DA:153,0
DA:174,0
DA:180,0
DA:181,0
DA:184,0
DA:195,0
DA:212,0
DA:213,0
DA:216,0
DA:228,0
DA:236,0
DA:237,0
DA:240,0
DA:261,0
DA:269,0
DA:270,0
DA:273,0
DA:290,0
DA:302,0
LF:40
LH:6
BRDA:57,0,0,0
BRDA:77,1,0,0
BRDA:77,1,1,0
BRDA:106,2,0,0
BRDA:116,3,0,0
BRDA:116,3,1,0
BRDA:149,4,0,0
BRDA:212,5,0,0
BRDA:236,6,0,0
BRDA:269,7,0,0
BRF:10
BRH:0
end_of_record
TN:
SF:libs\modules\src\techmate\services\phan-cong.service.ts
FN:36,(anonymous_2)
FN:50,(anonymous_3)
FN:166,(anonymous_4)
FN:197,(anonymous_5)
FN:257,(anonymous_6)
FN:290,(anonymous_7)
FN:326,(anonymous_8)
FN:359,(anonymous_9)
FN:389,(anonymous_10)
FNF:9
FNH:1
FNDA:7,(anonymous_2)
FNDA:0,(anonymous_3)
FNDA:0,(anonymous_4)
FNDA:0,(anonymous_5)
FNDA:0,(anonymous_6)
FNDA:0,(anonymous_7)
FNDA:0,(anonymous_8)
FNDA:0,(anonymous_9)
FNDA:0,(anonymous_10)
DA:18,7
DA:24,7
DA:25,7
DA:27,7
DA:32,7
DA:35,7
DA:37,7
DA:38,7
DA:57,0
DA:65,0
DA:66,0
DA:70,0
DA:79,0
DA:80,0
DA:84,0
DA:92,0
DA:93,0
DA:97,0
DA:98,0
DA:106,0
DA:107,0
DA:112,0
DA:144,0
DA:157,0
DA:172,0
DA:181,0
DA:182,0
DA:185,0
DA:203,0
DA:211,0
DA:212,0
DA:216,0
DA:218,0
DA:232,0
DA:258,0
DA:281,0
DA:291,0
DA:317,0
DA:327,0
DA:336,0
DA:337,0
DA:340,0
DA:341,0
DA:344,0
DA:360,0
DA:369,0
DA:370,0
DA:373,0
DA:374,0
DA:377,0
DA:390,0
DA:399,0
DA:400,0
DA:403,0
LF:54
LH:8
BRDA:65,0,0,0
BRDA:79,1,0,0
BRDA:92,2,0,0
BRDA:97,3,0,0
BRDA:106,4,0,0
BRDA:118,5,0,0
BRDA:118,5,1,0
BRDA:148,6,0,0
BRDA:148,6,1,0
BRDA:148,7,0,0
BRDA:148,7,1,0
BRDA:181,8,0,0
BRDA:211,9,0,0
BRDA:216,10,0,0
BRDA:235,11,0,0
BRDA:235,11,1,0
BRDA:236,12,0,0
BRDA:236,12,1,0
BRDA:336,13,0,0
BRDA:340,14,0,0
BRDA:369,15,0,0
BRDA:373,16,0,0
BRDA:399,17,0,0
BRF:23
BRH:0
end_of_record
TN:
SF:src\app.controller.spec.ts
FN:5,(anonymous_0)
FN:8,(anonymous_1)
FN:17,(anonymous_2)
FN:18,(anonymous_3)
FNF:4
FNH:0
FNDA:0,(anonymous_0)
FNDA:0,(anonymous_1)
FNDA:0,(anonymous_2)
FNDA:0,(anonymous_3)
DA:1,0
DA:2,0
DA:3,0
DA:5,0
DA:8,0
DA:9,0
DA:14,0
DA:17,0
DA:18,0
DA:19,0
LF:10
LH:0
BRF:0
BRH:0
end_of_record
TN:
SF:src\app.controller.ts
FN:6,(anonymous_2)
FN:9,(anonymous_3)
FNF:2
FNH:1
FNDA:7,(anonymous_2)
FNDA:0,(anonymous_3)
DA:1,7
DA:2,7
DA:5,7
DA:6,7
DA:9,7
DA:10,0
LF:6
LH:5
BRF:0
BRH:0
end_of_record
TN:
SF:src\app.service.ts
FN:5,(anonymous_1)
FNF:1
FNH:0
FNDA:0,(anonymous_1)
DA:1,7
DA:4,7
DA:6,0
LF:3
LH:2
BRF:0
BRH:0
end_of_record
